[15-07-11, 18:25:19][info]: *** program parameters ***
[15-07-11, 18:25:19][info]: Config file: ..\Clusterer.cfg
[15-07-11, 18:25:19][info]: Log file: ..\Clusterer.log
[15-07-11, 18:25:19][info]: Output directory: ..\clusterer_out
[15-07-11, 18:25:19][info]: Feature vector file: ..\fg_features.txt
[15-07-11, 18:25:19][info]: "path to images"-file: ..\fg_processed_images.txt
[15-07-11, 18:25:19][info]: Clusterer type: 3 aka optics
[15-07-11, 18:25:19][info]: Clusterer tweak vector: [0; 0; 50; 270; 0]
[15-07-11, 18:25:19][info]: Membership probabilities file: ..\c_membership_probabilities.txt
[15-07-11, 18:25:19][info]: Membership mappings file: ..\c_membership_mappings.txt
[15-07-11, 18:25:19][info]: Cluster means file: cluster_means.txt
[15-07-11, 18:25:19][info]: Result file prefix: c
[15-07-11, 18:25:19][info]: Result file paths file: ..\c_class_files.txt
[15-07-11, 18:25:19][info]: Symlink results: no
[15-07-11, 18:25:19][info]: Symlink saliency maps: no
[15-07-11, 18:25:19][info]: Saliency maps file: ..\fg_saliency_maps.txt
[15-07-11, 18:25:19][info]: *** supported clusterer types ***
[15-07-11, 18:25:19][info]: FLANNKMEANS, OUTLIER, OPTICS
[15-07-11, 18:25:19][info]: *** Program start ***
[15-07-11, 18:25:19][info]: Loading feature vectors...
[15-07-11, 18:25:22][info]: Loading image filenames...
[15-07-11, 18:25:23][info]: Clustering 28122 feature vectors with 68 dimensions each...
[15-07-11, 18:25:23][warning]: OPTICSClusterer: Tweak vector must contain 5 parameters:
0: 1 number specifying the behaviour: 0: find n clusters    or    1: find all clusters with high persistence at peaks
1: the epsilon optics parameter, if zero or negative, epsilon will be set to 3.40282e+038
2: the min_pts optics parameter, a positive integer; will otherwise be set to 1% of the size of the input data set
3: the number of clusters, if parameter 0 is set to '0'    or    the persistence value if parameter 0 is set to '1'
4: the outlier threshold: must be positive, will be set to 3.40282e+038 otherwise
[15-07-11, 18:25:23][notification]: Setting epsilon to 3.40282e+038.
[15-07-11, 18:25:23][notification]: Setting outlier threshold value to 3.40282e+038.
[15-07-11, 18:25:28][info]: OPTICSClusterer: 0.36% (100/28122) done.
[15-07-11, 18:25:32][info]: OPTICSClusterer: 0.71% (200/28122) done.
[15-07-11, 18:25:37][info]: OPTICSClusterer: 1.07% (300/28122) done.
[15-07-11, 18:25:43][info]: OPTICSClusterer: 1.42% (400/28122) done.
[15-07-11, 18:25:48][info]: OPTICSClusterer: 1.78% (500/28122) done.
[15-07-11, 18:25:53][info]: OPTICSClusterer: 2.13% (600/28122) done.
[15-07-11, 18:25:58][info]: OPTICSClusterer: 2.49% (700/28122) done.
[15-07-11, 18:26:03][info]: OPTICSClusterer: 2.84% (800/28122) done.
[15-07-11, 18:26:08][info]: OPTICSClusterer: 3.2% (900/28122) done.
[15-07-11, 18:26:13][info]: OPTICSClusterer: 3.56% (1000/28122) done.
[15-07-11, 18:26:18][info]: OPTICSClusterer: 3.91% (1100/28122) done.
[15-07-11, 18:26:23][info]: OPTICSClusterer: 4.27% (1200/28122) done.
[15-07-11, 18:26:28][info]: OPTICSClusterer: 4.62% (1300/28122) done.
[15-07-11, 18:26:33][info]: OPTICSClusterer: 4.98% (1400/28122) done.
[15-07-11, 18:26:38][info]: OPTICSClusterer: 5.33% (1500/28122) done.
[15-07-11, 18:26:43][info]: OPTICSClusterer: 5.69% (1600/28122) done.
[15-07-11, 18:26:48][info]: OPTICSClusterer: 6.05% (1700/28122) done.
[15-07-11, 18:26:54][info]: OPTICSClusterer: 6.4% (1800/28122) done.
[15-07-11, 18:26:59][info]: OPTICSClusterer: 6.76% (1900/28122) done.
[15-07-11, 18:27:04][info]: OPTICSClusterer: 7.11% (2000/28122) done.
[15-07-11, 18:27:09][info]: OPTICSClusterer: 7.47% (2100/28122) done.
[15-07-11, 18:27:14][info]: OPTICSClusterer: 7.82% (2200/28122) done.
[15-07-11, 18:27:20][info]: OPTICSClusterer: 8.18% (2300/28122) done.
[15-07-11, 18:27:42][info]: OPTICSClusterer: 8.53% (2400/28122) done.
[15-07-11, 18:27:47][info]: OPTICSClusterer: 8.89% (2500/28122) done.
[15-07-11, 18:27:52][info]: OPTICSClusterer: 9.25% (2600/28122) done.
[15-07-11, 18:27:58][info]: OPTICSClusterer: 9.6% (2700/28122) done.
[15-07-11, 18:28:03][info]: OPTICSClusterer: 9.96% (2800/28122) done.
[15-07-11, 18:28:09][info]: OPTICSClusterer: 10.31% (2900/28122) done.
[15-07-11, 18:28:14][info]: OPTICSClusterer: 10.67% (3000/28122) done.
[15-07-11, 18:28:19][info]: OPTICSClusterer: 11.02% (3100/28122) done.
[15-07-11, 18:28:25][info]: OPTICSClusterer: 11.38% (3200/28122) done.
[15-07-11, 18:28:31][info]: OPTICSClusterer: 11.73% (3300/28122) done.
[15-07-11, 18:28:36][info]: OPTICSClusterer: 12.09% (3400/28122) done.
[15-07-11, 18:28:40][info]: OPTICSClusterer: 12.45% (3500/28122) done.
[15-07-11, 18:28:46][info]: OPTICSClusterer: 12.8% (3600/28122) done.
[15-07-11, 18:28:50][info]: OPTICSClusterer: 13.16% (3700/28122) done.
[15-07-11, 18:28:55][info]: OPTICSClusterer: 13.51% (3800/28122) done.
[15-07-11, 18:29:00][info]: OPTICSClusterer: 13.87% (3900/28122) done.
[15-07-11, 18:29:05][info]: OPTICSClusterer: 14.22% (4000/28122) done.
[15-07-11, 18:29:11][info]: OPTICSClusterer: 14.58% (4100/28122) done.
[15-07-11, 18:29:15][info]: OPTICSClusterer: 14.93% (4200/28122) done.
[15-07-11, 18:29:20][info]: OPTICSClusterer: 15.29% (4300/28122) done.
[15-07-11, 18:29:24][info]: OPTICSClusterer: 15.65% (4400/28122) done.
[15-07-11, 18:29:28][info]: OPTICSClusterer: 16% (4500/28122) done.
[15-07-11, 18:29:32][info]: OPTICSClusterer: 16.36% (4600/28122) done.
[15-07-11, 18:29:36][info]: OPTICSClusterer: 16.71% (4700/28122) done.
[15-07-11, 18:29:40][info]: OPTICSClusterer: 17.07% (4800/28122) done.
[15-07-11, 18:29:45][info]: OPTICSClusterer: 17.42% (4900/28122) done.
[15-07-11, 18:29:49][info]: OPTICSClusterer: 17.78% (5000/28122) done.
[15-07-11, 18:29:53][info]: OPTICSClusterer: 18.14% (5100/28122) done.
[15-07-11, 18:29:58][info]: OPTICSClusterer: 18.49% (5200/28122) done.
[15-07-11, 18:30:03][info]: OPTICSClusterer: 18.85% (5300/28122) done.
[15-07-11, 18:30:08][info]: OPTICSClusterer: 19.2% (5400/28122) done.
[15-07-11, 18:30:12][info]: OPTICSClusterer: 19.56% (5500/28122) done.
[15-07-11, 18:30:17][info]: OPTICSClusterer: 19.91% (5600/28122) done.
[15-07-11, 18:30:22][info]: OPTICSClusterer: 20.27% (5700/28122) done.
[15-07-11, 18:30:27][info]: OPTICSClusterer: 20.62% (5800/28122) done.
[15-07-11, 18:30:32][info]: OPTICSClusterer: 20.98% (5900/28122) done.
[15-07-11, 18:30:37][info]: OPTICSClusterer: 21.34% (6000/28122) done.
[15-07-11, 18:30:42][info]: OPTICSClusterer: 21.69% (6100/28122) done.
[15-07-11, 18:30:46][info]: OPTICSClusterer: 22.05% (6200/28122) done.
[15-07-11, 18:30:51][info]: OPTICSClusterer: 22.4% (6300/28122) done.
[15-07-11, 18:30:55][info]: OPTICSClusterer: 22.76% (6400/28122) done.
[15-07-11, 18:31:00][info]: OPTICSClusterer: 23.11% (6500/28122) done.
[15-07-11, 18:31:04][info]: OPTICSClusterer: 23.47% (6600/28122) done.
[15-07-11, 18:31:09][info]: OPTICSClusterer: 23.82% (6700/28122) done.
[15-07-11, 18:31:15][info]: OPTICSClusterer: 24.18% (6800/28122) done.
[15-07-11, 18:31:19][info]: OPTICSClusterer: 24.54% (6900/28122) done.
[15-07-11, 18:31:23][info]: OPTICSClusterer: 24.89% (7000/28122) done.
[15-07-11, 18:31:28][info]: OPTICSClusterer: 25.25% (7100/28122) done.
[15-07-11, 18:31:33][info]: OPTICSClusterer: 25.6% (7200/28122) done.
[15-07-11, 18:31:37][info]: OPTICSClusterer: 25.96% (7300/28122) done.
[15-07-11, 18:31:42][info]: OPTICSClusterer: 26.31% (7400/28122) done.
[15-07-11, 18:31:46][info]: OPTICSClusterer: 26.67% (7500/28122) done.
[15-07-11, 18:31:51][info]: OPTICSClusterer: 27.03% (7600/28122) done.
[15-07-11, 18:31:56][info]: OPTICSClusterer: 27.38% (7700/28122) done.
[15-07-11, 18:32:01][info]: OPTICSClusterer: 27.74% (7800/28122) done.
[15-07-11, 18:32:05][info]: OPTICSClusterer: 28.09% (7900/28122) done.
[15-07-11, 18:32:10][info]: OPTICSClusterer: 28.45% (8000/28122) done.
[15-07-11, 18:32:14][info]: OPTICSClusterer: 28.8% (8100/28122) done.
[15-07-11, 18:32:20][info]: OPTICSClusterer: 29.16% (8200/28122) done.
[15-07-11, 18:32:25][info]: OPTICSClusterer: 29.51% (8300/28122) done.
[15-07-11, 18:32:30][info]: OPTICSClusterer: 29.87% (8400/28122) done.
[15-07-11, 18:32:35][info]: OPTICSClusterer: 30.23% (8500/28122) done.
[15-07-11, 18:32:40][info]: OPTICSClusterer: 30.58% (8600/28122) done.
[15-07-11, 18:32:45][info]: OPTICSClusterer: 30.94% (8700/28122) done.
[15-07-11, 18:32:50][info]: OPTICSClusterer: 31.29% (8800/28122) done.
[15-07-11, 18:32:55][info]: OPTICSClusterer: 31.65% (8900/28122) done.
[15-07-11, 18:32:59][info]: OPTICSClusterer: 32% (9000/28122) done.
[15-07-11, 18:33:05][info]: OPTICSClusterer: 32.36% (9100/28122) done.
[15-07-11, 18:33:11][info]: OPTICSClusterer: 32.71% (9200/28122) done.
[15-07-11, 18:33:16][info]: OPTICSClusterer: 33.07% (9300/28122) done.
[15-07-11, 18:33:21][info]: OPTICSClusterer: 33.43% (9400/28122) done.
[15-07-11, 18:33:26][info]: OPTICSClusterer: 33.78% (9500/28122) done.
[15-07-11, 18:33:32][info]: OPTICSClusterer: 34.14% (9600/28122) done.
[15-07-11, 18:33:37][info]: OPTICSClusterer: 34.49% (9700/28122) done.
[15-07-11, 18:33:41][info]: OPTICSClusterer: 34.85% (9800/28122) done.
[15-07-11, 18:33:46][info]: OPTICSClusterer: 35.2% (9900/28122) done.
[15-07-11, 18:33:51][info]: OPTICSClusterer: 35.56% (10000/28122) done.
[15-07-11, 18:33:57][info]: OPTICSClusterer: 35.91% (10100/28122) done.
[15-07-11, 18:34:01][info]: OPTICSClusterer: 36.27% (10200/28122) done.
[15-07-11, 18:34:06][info]: OPTICSClusterer: 36.63% (10300/28122) done.
[15-07-11, 18:34:11][info]: OPTICSClusterer: 36.98% (10400/28122) done.
[15-07-11, 18:34:15][info]: OPTICSClusterer: 37.34% (10500/28122) done.
[15-07-11, 18:34:20][info]: OPTICSClusterer: 37.69% (10600/28122) done.
[15-07-11, 18:34:24][info]: OPTICSClusterer: 38.05% (10700/28122) done.
[15-07-11, 18:34:30][info]: OPTICSClusterer: 38.4% (10800/28122) done.
[15-07-11, 18:34:35][info]: OPTICSClusterer: 38.76% (10900/28122) done.
[15-07-11, 18:34:39][info]: OPTICSClusterer: 39.12% (11000/28122) done.
[15-07-11, 18:34:44][info]: OPTICSClusterer: 39.47% (11100/28122) done.
[15-07-11, 18:34:49][info]: OPTICSClusterer: 39.83% (11200/28122) done.
[15-07-11, 18:34:54][info]: OPTICSClusterer: 40.18% (11300/28122) done.
[15-07-11, 18:34:58][info]: OPTICSClusterer: 40.54% (11400/28122) done.
[15-07-11, 18:35:03][info]: OPTICSClusterer: 40.89% (11500/28122) done.
[15-07-11, 18:35:08][info]: OPTICSClusterer: 41.25% (11600/28122) done.
[15-07-11, 18:35:13][info]: OPTICSClusterer: 41.6% (11700/28122) done.
[15-07-11, 18:35:17][info]: OPTICSClusterer: 41.96% (11800/28122) done.
[15-07-11, 18:35:22][info]: OPTICSClusterer: 42.32% (11900/28122) done.
[15-07-11, 18:35:27][info]: OPTICSClusterer: 42.67% (12000/28122) done.
[15-07-11, 18:35:31][info]: OPTICSClusterer: 43.03% (12100/28122) done.
[15-07-11, 18:35:36][info]: OPTICSClusterer: 43.38% (12200/28122) done.
[15-07-11, 18:35:40][info]: OPTICSClusterer: 43.74% (12300/28122) done.
[15-07-11, 18:35:45][info]: OPTICSClusterer: 44.09% (12400/28122) done.
[15-07-11, 18:35:49][info]: OPTICSClusterer: 44.45% (12500/28122) done.
[15-07-11, 18:35:53][info]: OPTICSClusterer: 44.8% (12600/28122) done.
[15-07-11, 18:35:57][info]: OPTICSClusterer: 45.16% (12700/28122) done.
[15-07-11, 18:36:02][info]: OPTICSClusterer: 45.52% (12800/28122) done.
[15-07-11, 18:36:06][info]: OPTICSClusterer: 45.87% (12900/28122) done.
[15-07-11, 18:36:10][info]: OPTICSClusterer: 46.23% (13000/28122) done.
[15-07-11, 18:36:16][info]: OPTICSClusterer: 46.58% (13100/28122) done.
[15-07-11, 18:36:21][info]: OPTICSClusterer: 46.94% (13200/28122) done.
[15-07-11, 18:36:25][info]: OPTICSClusterer: 47.29% (13300/28122) done.
[15-07-11, 18:36:29][info]: OPTICSClusterer: 47.65% (13400/28122) done.
[15-07-11, 18:36:33][info]: OPTICSClusterer: 48.01% (13500/28122) done.
[15-07-11, 18:36:38][info]: OPTICSClusterer: 48.36% (13600/28122) done.
[15-07-11, 18:36:43][info]: OPTICSClusterer: 48.72% (13700/28122) done.
[15-07-11, 18:36:47][info]: OPTICSClusterer: 49.07% (13800/28122) done.
[15-07-11, 18:36:51][info]: OPTICSClusterer: 49.43% (13900/28122) done.
[15-07-11, 18:36:56][info]: OPTICSClusterer: 49.78% (14000/28122) done.
[15-07-11, 18:37:00][info]: OPTICSClusterer: 50.14% (14100/28122) done.
[15-07-11, 18:37:05][info]: OPTICSClusterer: 50.49% (14200/28122) done.
[15-07-11, 18:37:10][info]: OPTICSClusterer: 50.85% (14300/28122) done.
[15-07-11, 18:37:14][info]: OPTICSClusterer: 51.21% (14400/28122) done.
[15-07-11, 18:37:19][info]: OPTICSClusterer: 51.56% (14500/28122) done.
[15-07-11, 18:37:23][info]: OPTICSClusterer: 51.92% (14600/28122) done.
[15-07-11, 18:37:28][info]: OPTICSClusterer: 52.27% (14700/28122) done.
[15-07-11, 18:37:32][info]: OPTICSClusterer: 52.63% (14800/28122) done.
[15-07-11, 18:37:36][info]: OPTICSClusterer: 52.98% (14900/28122) done.
[15-07-11, 18:37:41][info]: OPTICSClusterer: 53.34% (15000/28122) done.
[15-07-11, 18:37:46][info]: OPTICSClusterer: 53.69% (15100/28122) done.
[15-07-11, 18:37:50][info]: OPTICSClusterer: 54.05% (15200/28122) done.
[15-07-11, 18:37:54][info]: OPTICSClusterer: 54.41% (15300/28122) done.
[15-07-11, 18:37:59][info]: OPTICSClusterer: 54.76% (15400/28122) done.
[15-07-11, 18:38:03][info]: OPTICSClusterer: 55.12% (15500/28122) done.
[15-07-11, 18:38:07][info]: OPTICSClusterer: 55.47% (15600/28122) done.
[15-07-11, 18:38:12][info]: OPTICSClusterer: 55.83% (15700/28122) done.
[15-07-11, 18:38:17][info]: OPTICSClusterer: 56.18% (15800/28122) done.
[15-07-11, 18:38:21][info]: OPTICSClusterer: 56.54% (15900/28122) done.
[15-07-11, 18:38:25][info]: OPTICSClusterer: 56.89% (16000/28122) done.
[15-07-11, 18:38:30][info]: OPTICSClusterer: 57.25% (16100/28122) done.
[15-07-11, 18:38:35][info]: OPTICSClusterer: 57.61% (16200/28122) done.
[15-07-11, 18:38:39][info]: OPTICSClusterer: 57.96% (16300/28122) done.
[15-07-11, 18:38:43][info]: OPTICSClusterer: 58.32% (16400/28122) done.
[15-07-11, 18:38:48][info]: OPTICSClusterer: 58.67% (16500/28122) done.
[15-07-11, 18:38:53][info]: OPTICSClusterer: 59.03% (16600/28122) done.
[15-07-11, 18:38:58][info]: OPTICSClusterer: 59.38% (16700/28122) done.
[15-07-11, 18:39:02][info]: OPTICSClusterer: 59.74% (16800/28122) done.
[15-07-11, 18:39:06][info]: OPTICSClusterer: 60.1% (16900/28122) done.
[15-07-11, 18:39:11][info]: OPTICSClusterer: 60.45% (17000/28122) done.
[15-07-11, 18:39:16][info]: OPTICSClusterer: 60.81% (17100/28122) done.
[15-07-11, 18:39:21][info]: OPTICSClusterer: 61.16% (17200/28122) done.
[15-07-11, 18:39:26][info]: OPTICSClusterer: 61.52% (17300/28122) done.
[15-07-11, 18:39:31][info]: OPTICSClusterer: 61.87% (17400/28122) done.
[15-07-11, 18:39:35][info]: OPTICSClusterer: 62.23% (17500/28122) done.
[15-07-11, 18:39:40][info]: OPTICSClusterer: 62.58% (17600/28122) done.
[15-07-11, 18:39:44][info]: OPTICSClusterer: 62.94% (17700/28122) done.
[15-07-11, 18:39:49][info]: OPTICSClusterer: 63.3% (17800/28122) done.
[15-07-11, 18:39:54][info]: OPTICSClusterer: 63.65% (17900/28122) done.
[15-07-11, 18:39:58][info]: OPTICSClusterer: 64.01% (18000/28122) done.
[15-07-11, 18:40:03][info]: OPTICSClusterer: 64.36% (18100/28122) done.
[15-07-11, 18:40:08][info]: OPTICSClusterer: 64.72% (18200/28122) done.
[15-07-11, 18:40:12][info]: OPTICSClusterer: 65.07% (18300/28122) done.
[15-07-11, 18:40:17][info]: OPTICSClusterer: 65.43% (18400/28122) done.
[15-07-11, 18:40:22][info]: OPTICSClusterer: 65.78% (18500/28122) done.
[15-07-11, 18:40:27][info]: OPTICSClusterer: 66.14% (18600/28122) done.
[15-07-11, 18:40:31][info]: OPTICSClusterer: 66.5% (18700/28122) done.
[15-07-11, 18:40:36][info]: OPTICSClusterer: 66.85% (18800/28122) done.
[15-07-11, 18:40:41][info]: OPTICSClusterer: 67.21% (18900/28122) done.
[15-07-11, 18:40:46][info]: OPTICSClusterer: 67.56% (19000/28122) done.
[15-07-11, 18:40:51][info]: OPTICSClusterer: 67.92% (19100/28122) done.
[15-07-11, 18:40:56][info]: OPTICSClusterer: 68.27% (19200/28122) done.
[15-07-11, 18:41:02][info]: OPTICSClusterer: 68.63% (19300/28122) done.
[15-07-11, 18:41:07][info]: OPTICSClusterer: 68.99% (19400/28122) done.
[15-07-11, 18:41:12][info]: OPTICSClusterer: 69.34% (19500/28122) done.
[15-07-11, 18:41:17][info]: OPTICSClusterer: 69.7% (19600/28122) done.
[15-07-11, 18:41:22][info]: OPTICSClusterer: 70.05% (19700/28122) done.
[15-07-11, 18:41:26][info]: OPTICSClusterer: 70.41% (19800/28122) done.
[15-07-11, 18:41:31][info]: OPTICSClusterer: 70.76% (19900/28122) done.
[15-07-11, 18:41:36][info]: OPTICSClusterer: 71.12% (20000/28122) done.
[15-07-11, 18:41:41][info]: OPTICSClusterer: 71.47% (20100/28122) done.
[15-07-11, 18:41:46][info]: OPTICSClusterer: 71.83% (20200/28122) done.
[15-07-11, 18:41:51][info]: OPTICSClusterer: 72.19% (20300/28122) done.
[15-07-11, 18:41:56][info]: OPTICSClusterer: 72.54% (20400/28122) done.
[15-07-11, 18:42:01][info]: OPTICSClusterer: 72.9% (20500/28122) done.
[15-07-11, 18:42:06][info]: OPTICSClusterer: 73.25% (20600/28122) done.
[15-07-11, 18:42:11][info]: OPTICSClusterer: 73.61% (20700/28122) done.
[15-07-11, 18:42:16][info]: OPTICSClusterer: 73.96% (20800/28122) done.
[15-07-11, 18:42:20][info]: OPTICSClusterer: 74.32% (20900/28122) done.
[15-07-11, 18:42:25][info]: OPTICSClusterer: 74.67% (21000/28122) done.
[15-07-11, 18:42:30][info]: OPTICSClusterer: 75.03% (21100/28122) done.
[15-07-11, 18:42:35][info]: OPTICSClusterer: 75.39% (21200/28122) done.
[15-07-11, 18:42:40][info]: OPTICSClusterer: 75.74% (21300/28122) done.
[15-07-11, 18:42:45][info]: OPTICSClusterer: 76.1% (21400/28122) done.
[15-07-11, 18:42:49][info]: OPTICSClusterer: 76.45% (21500/28122) done.
[15-07-11, 18:42:54][info]: OPTICSClusterer: 76.81% (21600/28122) done.
[15-07-11, 18:42:59][info]: OPTICSClusterer: 77.16% (21700/28122) done.
[15-07-11, 18:43:04][info]: OPTICSClusterer: 77.52% (21800/28122) done.
[15-07-11, 18:43:10][info]: OPTICSClusterer: 77.87% (21900/28122) done.
[15-07-11, 18:43:15][info]: OPTICSClusterer: 78.23% (22000/28122) done.
[15-07-11, 18:43:20][info]: OPTICSClusterer: 78.59% (22100/28122) done.
[15-07-11, 18:43:25][info]: OPTICSClusterer: 78.94% (22200/28122) done.
[15-07-11, 18:43:29][info]: OPTICSClusterer: 79.3% (22300/28122) done.
[15-07-11, 18:43:34][info]: OPTICSClusterer: 79.65% (22400/28122) done.
[15-07-11, 18:43:38][info]: OPTICSClusterer: 80.01% (22500/28122) done.
[15-07-11, 18:43:43][info]: OPTICSClusterer: 80.36% (22600/28122) done.
[15-07-11, 18:43:48][info]: OPTICSClusterer: 80.72% (22700/28122) done.
[15-07-11, 18:43:53][info]: OPTICSClusterer: 81.08% (22800/28122) done.
[15-07-11, 18:43:57][info]: OPTICSClusterer: 81.43% (22900/28122) done.
[15-07-11, 18:44:01][info]: OPTICSClusterer: 81.79% (23000/28122) done.
[15-07-11, 18:44:06][info]: OPTICSClusterer: 82.14% (23100/28122) done.
[15-07-11, 18:44:10][info]: OPTICSClusterer: 82.5% (23200/28122) done.
[15-07-11, 18:44:15][info]: OPTICSClusterer: 82.85% (23300/28122) done.
[15-07-11, 18:44:20][info]: OPTICSClusterer: 83.21% (23400/28122) done.
[15-07-11, 18:44:24][info]: OPTICSClusterer: 83.56% (23500/28122) done.
[15-07-11, 18:44:29][info]: OPTICSClusterer: 83.92% (23600/28122) done.
[15-07-11, 18:44:33][info]: OPTICSClusterer: 84.28% (23700/28122) done.
[15-07-11, 18:44:37][info]: OPTICSClusterer: 84.63% (23800/28122) done.
[15-07-11, 18:44:42][info]: OPTICSClusterer: 84.99% (23900/28122) done.
[15-07-11, 18:44:46][info]: OPTICSClusterer: 85.34% (24000/28122) done.
[15-07-11, 18:44:50][info]: OPTICSClusterer: 85.7% (24100/28122) done.
[15-07-11, 18:44:55][info]: OPTICSClusterer: 86.05% (24200/28122) done.
[15-07-11, 18:44:59][info]: OPTICSClusterer: 86.41% (24300/28122) done.
[15-07-11, 18:45:03][info]: OPTICSClusterer: 86.76% (24400/28122) done.
[15-07-11, 18:45:07][info]: OPTICSClusterer: 87.12% (24500/28122) done.
[15-07-11, 18:45:12][info]: OPTICSClusterer: 87.48% (24600/28122) done.
[15-07-11, 18:45:16][info]: OPTICSClusterer: 87.83% (24700/28122) done.
[15-07-11, 18:45:20][info]: OPTICSClusterer: 88.19% (24800/28122) done.
[15-07-11, 18:45:25][info]: OPTICSClusterer: 88.54% (24900/28122) done.
[15-07-11, 18:45:29][info]: OPTICSClusterer: 88.9% (25000/28122) done.
[15-07-11, 18:45:34][info]: OPTICSClusterer: 89.25% (25100/28122) done.
[15-07-11, 18:45:38][info]: OPTICSClusterer: 89.61% (25200/28122) done.
[15-07-11, 18:45:42][info]: OPTICSClusterer: 89.97% (25300/28122) done.
[15-07-11, 18:45:46][info]: OPTICSClusterer: 90.32% (25400/28122) done.
[15-07-11, 18:45:51][info]: OPTICSClusterer: 90.68% (25500/28122) done.
[15-07-11, 18:45:55][info]: OPTICSClusterer: 91.03% (25600/28122) done.
[15-07-11, 18:45:59][info]: OPTICSClusterer: 91.39% (25700/28122) done.
[15-07-11, 18:46:03][info]: OPTICSClusterer: 91.74% (25800/28122) done.
[15-07-11, 18:46:07][info]: OPTICSClusterer: 92.1% (25900/28122) done.
[15-07-11, 18:46:11][info]: OPTICSClusterer: 92.45% (26000/28122) done.
[15-07-11, 18:46:16][info]: OPTICSClusterer: 92.81% (26100/28122) done.
[15-07-11, 18:46:20][info]: OPTICSClusterer: 93.17% (26200/28122) done.
[15-07-11, 18:46:24][info]: OPTICSClusterer: 93.52% (26300/28122) done.
[15-07-11, 18:46:29][info]: OPTICSClusterer: 93.88% (26400/28122) done.
[15-07-11, 18:46:33][info]: OPTICSClusterer: 94.23% (26500/28122) done.
[15-07-11, 18:46:37][info]: OPTICSClusterer: 94.59% (26600/28122) done.
[15-07-11, 18:46:41][info]: OPTICSClusterer: 94.94% (26700/28122) done.
[15-07-11, 18:46:46][info]: OPTICSClusterer: 95.3% (26800/28122) done.
[15-07-11, 18:46:50][info]: OPTICSClusterer: 95.65% (26900/28122) done.
[15-07-11, 18:46:54][info]: OPTICSClusterer: 96.01% (27000/28122) done.
[15-07-11, 18:46:58][info]: OPTICSClusterer: 96.37% (27100/28122) done.
[15-07-11, 18:47:02][info]: OPTICSClusterer: 96.72% (27200/28122) done.
[15-07-11, 18:47:06][info]: OPTICSClusterer: 97.08% (27300/28122) done.
[15-07-11, 18:47:10][info]: OPTICSClusterer: 97.43% (27400/28122) done.
[15-07-11, 18:47:15][info]: OPTICSClusterer: 97.79% (27500/28122) done.
[15-07-11, 18:47:19][info]: OPTICSClusterer: 98.14% (27600/28122) done.
[15-07-11, 18:47:23][info]: OPTICSClusterer: 98.5% (27700/28122) done.
[15-07-11, 18:47:27][info]: OPTICSClusterer: 98.85% (27800/28122) done.
[15-07-11, 18:47:30][info]: OPTICSClusterer: 99.21% (27900/28122) done.
[15-07-11, 18:47:35][info]: OPTICSClusterer: 99.57% (28000/28122) done.
[15-07-11, 18:47:39][info]: OPTICSClusterer: 99.92% (28100/28122) done.
[15-07-11, 18:47:40][info]: OPTICSClusterer: Writing reachability histogram to "optics_reachability_distances.txt"...
[15-07-11, 18:47:40][info]: OPTICSClusterer: Writing ordered indices to "optics_ordered_feature_indices.txt"...
[15-07-11, 18:47:42][info]: Clustering finished. Took 1339458 milliseconds.
[15-07-11, 18:47:42][info]: Found 48 clusters
[15-07-11, 18:47:42][info]: Writing membership probabilities to "..\c_membership_probabilities.txt"...
[15-07-11, 18:47:43][info]: Writing cluster membership mappings to "..\c_membership_mappings.txt"...
[15-07-11, 18:47:43][info]: Calculating cluster means...
[15-07-11, 18:47:43][info]: Writing Cluster means to "cluster_means.txt"...
[15-07-11, 18:47:43][info]: Writing clusters to files...
[15-07-11, 18:47:44][info]: Writing paths of all cluster files to "..\c_class_files.txt"...
[15-07-11, 18:47:44][info]: *** Program end ***
