[15-07-08, 17:52:06][info]: *** program parameters ***
[15-07-08, 17:52:06][info]: Config file: ..\Clusterer.cfg
[15-07-08, 17:52:06][info]: Log file: ..\Clusterer.log
[15-07-08, 17:52:06][info]: Output directory: ..\clusterer_out
[15-07-08, 17:52:06][info]: Feature vector file: ..\fg_features.txt
[15-07-08, 17:52:06][info]: "path to images"-file: ..\fg_processed_images.txt
[15-07-08, 17:52:06][info]: Clusterer type: 3 aka optics
[15-07-08, 17:52:06][info]: Clusterer tweak vector: [0; 0; 50; 270; 0]
[15-07-08, 17:52:06][info]: Membership probabilities file: ..\c_membership_probabilities.txt
[15-07-08, 17:52:06][info]: Membership mappings file: ..\c_membership_mappings.txt
[15-07-08, 17:52:06][info]: Cluster means file: cluster_means.txt
[15-07-08, 17:52:06][info]: Result file prefix: c
[15-07-08, 17:52:06][info]: Result file paths file: ..\c_class_files.txt
[15-07-08, 17:52:06][info]: Symlink results: no
[15-07-08, 17:52:06][info]: Symlink saliency maps: no
[15-07-08, 17:52:06][info]: Saliency maps file: ..\fg_saliency_maps.txt
[15-07-08, 17:52:06][info]: *** supported clusterer types ***
[15-07-08, 17:52:06][info]: FLANNKMEANS, OUTLIER, OPTICS
[15-07-08, 17:52:06][info]: *** Program start ***
[15-07-08, 17:52:06][info]: Deleting old output files...
[15-07-08, 17:52:06][info]: Loading feature vectors...
[15-07-08, 17:52:08][info]: Loading image filenames...
[15-07-08, 17:52:09][info]: Clustering 26951 feature vectors with 38 dimensions each...
[15-07-08, 17:52:09][warning]: OPTICSClusterer: Tweak vector must contain 5 parameters:
0: 1 number specifying the behaviour: 0: find n clusters    or    1: find all clusters with high persistence at peaks
1: the epsilon optics parameter, if zero or negative, epsilon will be set to 3.40282e+038
2: the min_pts optics parameter, a positive integer; will otherwise be set to 1% of the size of the input data set
3: the number of clusters, if parameter 0 is set to '0'    or    the persistence value if parameter 0 is set to '1'
4: the outlier threshold: must be positive, will be set to 3.40282e+038 otherwise
[15-07-08, 17:52:09][notification]: Setting epsilon to 3.40282e+038.
[15-07-08, 17:52:09][notification]: Setting outlier threshold value to 3.40282e+038.
[15-07-08, 17:52:12][info]: OPTICSClusterer: 0.37% (100/26951) done.
[15-07-08, 17:52:16][info]: OPTICSClusterer: 0.74% (200/26951) done.
[15-07-08, 17:52:19][info]: OPTICSClusterer: 1.11% (300/26951) done.
[15-07-08, 17:52:22][info]: OPTICSClusterer: 1.48% (400/26951) done.
[15-07-08, 17:52:25][info]: OPTICSClusterer: 1.86% (500/26951) done.
[15-07-08, 17:52:28][info]: OPTICSClusterer: 2.23% (600/26951) done.
[15-07-08, 17:52:32][info]: OPTICSClusterer: 2.6% (700/26951) done.
[15-07-08, 17:52:39][info]: OPTICSClusterer: 2.97% (800/26951) done.
[15-07-08, 17:52:43][info]: OPTICSClusterer: 3.34% (900/26951) done.
[15-07-08, 17:52:47][info]: OPTICSClusterer: 3.71% (1000/26951) done.
[15-07-08, 17:52:51][info]: OPTICSClusterer: 4.08% (1100/26951) done.
[15-07-08, 17:52:55][info]: OPTICSClusterer: 4.45% (1200/26951) done.
[15-07-08, 17:52:59][info]: OPTICSClusterer: 4.82% (1300/26951) done.
[15-07-08, 17:53:03][info]: OPTICSClusterer: 5.19% (1400/26951) done.
[15-07-08, 17:53:07][info]: OPTICSClusterer: 5.57% (1500/26951) done.
[15-07-08, 17:53:11][info]: OPTICSClusterer: 5.94% (1600/26951) done.
[15-07-08, 17:53:14][info]: OPTICSClusterer: 6.31% (1700/26951) done.
[15-07-08, 17:53:18][info]: OPTICSClusterer: 6.68% (1800/26951) done.
[15-07-08, 17:53:22][info]: OPTICSClusterer: 7.05% (1900/26951) done.
[15-07-08, 17:53:26][info]: OPTICSClusterer: 7.42% (2000/26951) done.
[15-07-08, 17:53:30][info]: OPTICSClusterer: 7.79% (2100/26951) done.
[15-07-08, 17:53:34][info]: OPTICSClusterer: 8.16% (2200/26951) done.
[15-07-08, 17:53:38][info]: OPTICSClusterer: 8.53% (2300/26951) done.
[15-07-08, 17:53:42][info]: OPTICSClusterer: 8.91% (2400/26951) done.
[15-07-08, 17:53:46][info]: OPTICSClusterer: 9.28% (2500/26951) done.
[15-07-08, 17:53:49][info]: OPTICSClusterer: 9.65% (2600/26951) done.
[15-07-08, 17:53:53][info]: OPTICSClusterer: 10.02% (2700/26951) done.
[15-07-08, 17:53:57][info]: OPTICSClusterer: 10.39% (2800/26951) done.
[15-07-08, 17:54:01][info]: OPTICSClusterer: 10.76% (2900/26951) done.
[15-07-08, 17:54:05][info]: OPTICSClusterer: 11.13% (3000/26951) done.
[15-07-08, 17:54:09][info]: OPTICSClusterer: 11.5% (3100/26951) done.
[15-07-08, 17:54:13][info]: OPTICSClusterer: 11.87% (3200/26951) done.
[15-07-08, 17:54:16][info]: OPTICSClusterer: 12.24% (3300/26951) done.
[15-07-08, 17:54:20][info]: OPTICSClusterer: 12.62% (3400/26951) done.
[15-07-08, 17:54:24][info]: OPTICSClusterer: 12.99% (3500/26951) done.
[15-07-08, 17:54:27][info]: OPTICSClusterer: 13.36% (3600/26951) done.
[15-07-08, 17:54:31][info]: OPTICSClusterer: 13.73% (3700/26951) done.
[15-07-08, 17:54:35][info]: OPTICSClusterer: 14.1% (3800/26951) done.
[15-07-08, 17:54:38][info]: OPTICSClusterer: 14.47% (3900/26951) done.
[15-07-08, 17:54:42][info]: OPTICSClusterer: 14.84% (4000/26951) done.
[15-07-08, 17:54:46][info]: OPTICSClusterer: 15.21% (4100/26951) done.
[15-07-08, 17:54:50][info]: OPTICSClusterer: 15.58% (4200/26951) done.
[15-07-08, 17:54:53][info]: OPTICSClusterer: 15.95% (4300/26951) done.
[15-07-08, 17:54:57][info]: OPTICSClusterer: 16.33% (4400/26951) done.
[15-07-08, 17:55:01][info]: OPTICSClusterer: 16.7% (4500/26951) done.
[15-07-08, 17:55:04][info]: OPTICSClusterer: 17.07% (4600/26951) done.
[15-07-08, 17:55:08][info]: OPTICSClusterer: 17.44% (4700/26951) done.
[15-07-08, 17:55:12][info]: OPTICSClusterer: 17.81% (4800/26951) done.
[15-07-08, 17:55:15][info]: OPTICSClusterer: 18.18% (4900/26951) done.
[15-07-08, 17:55:19][info]: OPTICSClusterer: 18.55% (5000/26951) done.
[15-07-08, 17:55:22][info]: OPTICSClusterer: 18.92% (5100/26951) done.
[15-07-08, 17:55:26][info]: OPTICSClusterer: 19.29% (5200/26951) done.
[15-07-08, 17:55:30][info]: OPTICSClusterer: 19.67% (5300/26951) done.
[15-07-08, 17:55:33][info]: OPTICSClusterer: 20.04% (5400/26951) done.
[15-07-08, 17:55:37][info]: OPTICSClusterer: 20.41% (5500/26951) done.
[15-07-08, 17:55:40][info]: OPTICSClusterer: 20.78% (5600/26951) done.
[15-07-08, 17:55:44][info]: OPTICSClusterer: 21.15% (5700/26951) done.
[15-07-08, 17:55:48][info]: OPTICSClusterer: 21.52% (5800/26951) done.
[15-07-08, 17:55:52][info]: OPTICSClusterer: 21.89% (5900/26951) done.
[15-07-08, 17:55:56][info]: OPTICSClusterer: 22.26% (6000/26951) done.
[15-07-08, 17:56:00][info]: OPTICSClusterer: 22.63% (6100/26951) done.
[15-07-08, 17:56:05][info]: OPTICSClusterer: 23% (6200/26951) done.
[15-07-08, 17:56:09][info]: OPTICSClusterer: 23.38% (6300/26951) done.
[15-07-08, 17:56:13][info]: OPTICSClusterer: 23.75% (6400/26951) done.
[15-07-08, 17:56:16][info]: OPTICSClusterer: 24.12% (6500/26951) done.
[15-07-08, 17:56:20][info]: OPTICSClusterer: 24.49% (6600/26951) done.
[15-07-08, 17:56:23][info]: OPTICSClusterer: 24.86% (6700/26951) done.
[15-07-08, 17:56:27][info]: OPTICSClusterer: 25.23% (6800/26951) done.
[15-07-08, 17:56:30][info]: OPTICSClusterer: 25.6% (6900/26951) done.
[15-07-08, 17:56:34][info]: OPTICSClusterer: 25.97% (7000/26951) done.
[15-07-08, 17:56:37][info]: OPTICSClusterer: 26.34% (7100/26951) done.
[15-07-08, 17:56:40][info]: OPTICSClusterer: 26.72% (7200/26951) done.
[15-07-08, 17:56:43][info]: OPTICSClusterer: 27.09% (7300/26951) done.
[15-07-08, 17:56:47][info]: OPTICSClusterer: 27.46% (7400/26951) done.
[15-07-08, 17:56:50][info]: OPTICSClusterer: 27.83% (7500/26951) done.
[15-07-08, 17:56:53][info]: OPTICSClusterer: 28.2% (7600/26951) done.
[15-07-08, 17:56:56][info]: OPTICSClusterer: 28.57% (7700/26951) done.
[15-07-08, 17:57:00][info]: OPTICSClusterer: 28.94% (7800/26951) done.
[15-07-08, 17:57:03][info]: OPTICSClusterer: 29.31% (7900/26951) done.
[15-07-08, 17:57:06][info]: OPTICSClusterer: 29.68% (8000/26951) done.
[15-07-08, 17:57:09][info]: OPTICSClusterer: 30.05% (8100/26951) done.
[15-07-08, 17:57:13][info]: OPTICSClusterer: 30.43% (8200/26951) done.
[15-07-08, 17:57:16][info]: OPTICSClusterer: 30.8% (8300/26951) done.
[15-07-08, 17:57:20][info]: OPTICSClusterer: 31.17% (8400/26951) done.
[15-07-08, 17:57:24][info]: OPTICSClusterer: 31.54% (8500/26951) done.
[15-07-08, 17:57:27][info]: OPTICSClusterer: 31.91% (8600/26951) done.
[15-07-08, 17:57:30][info]: OPTICSClusterer: 32.28% (8700/26951) done.
[15-07-08, 17:57:33][info]: OPTICSClusterer: 32.65% (8800/26951) done.
[15-07-08, 17:57:36][info]: OPTICSClusterer: 33.02% (8900/26951) done.
[15-07-08, 17:57:39][info]: OPTICSClusterer: 33.39% (9000/26951) done.
[15-07-08, 17:57:43][info]: OPTICSClusterer: 33.76% (9100/26951) done.
[15-07-08, 17:57:46][info]: OPTICSClusterer: 34.14% (9200/26951) done.
[15-07-08, 17:57:49][info]: OPTICSClusterer: 34.51% (9300/26951) done.
[15-07-08, 17:57:52][info]: OPTICSClusterer: 34.88% (9400/26951) done.
[15-07-08, 17:57:56][info]: OPTICSClusterer: 35.25% (9500/26951) done.
[15-07-08, 17:57:59][info]: OPTICSClusterer: 35.62% (9600/26951) done.
[15-07-08, 17:58:02][info]: OPTICSClusterer: 35.99% (9700/26951) done.
[15-07-08, 17:58:06][info]: OPTICSClusterer: 36.36% (9800/26951) done.
[15-07-08, 17:58:09][info]: OPTICSClusterer: 36.73% (9900/26951) done.
[15-07-08, 17:58:12][info]: OPTICSClusterer: 37.1% (10000/26951) done.
[15-07-08, 17:58:15][info]: OPTICSClusterer: 37.48% (10100/26951) done.
[15-07-08, 17:58:18][info]: OPTICSClusterer: 37.85% (10200/26951) done.
[15-07-08, 17:58:21][info]: OPTICSClusterer: 38.22% (10300/26951) done.
[15-07-08, 17:58:24][info]: OPTICSClusterer: 38.59% (10400/26951) done.
[15-07-08, 17:58:27][info]: OPTICSClusterer: 38.96% (10500/26951) done.
[15-07-08, 17:58:30][info]: OPTICSClusterer: 39.33% (10600/26951) done.
[15-07-08, 17:58:33][info]: OPTICSClusterer: 39.7% (10700/26951) done.
[15-07-08, 17:58:36][info]: OPTICSClusterer: 40.07% (10800/26951) done.
[15-07-08, 17:58:39][info]: OPTICSClusterer: 40.44% (10900/26951) done.
[15-07-08, 17:58:42][info]: OPTICSClusterer: 40.81% (11000/26951) done.
[15-07-08, 17:58:45][info]: OPTICSClusterer: 41.19% (11100/26951) done.
[15-07-08, 17:58:48][info]: OPTICSClusterer: 41.56% (11200/26951) done.
[15-07-08, 17:58:51][info]: OPTICSClusterer: 41.93% (11300/26951) done.
[15-07-08, 17:58:54][info]: OPTICSClusterer: 42.3% (11400/26951) done.
[15-07-08, 17:58:57][info]: OPTICSClusterer: 42.67% (11500/26951) done.
[15-07-08, 17:59:00][info]: OPTICSClusterer: 43.04% (11600/26951) done.
[15-07-08, 17:59:03][info]: OPTICSClusterer: 43.41% (11700/26951) done.
[15-07-08, 17:59:06][info]: OPTICSClusterer: 43.78% (11800/26951) done.
[15-07-08, 17:59:10][info]: OPTICSClusterer: 44.15% (11900/26951) done.
[15-07-08, 17:59:13][info]: OPTICSClusterer: 44.53% (12000/26951) done.
[15-07-08, 17:59:16][info]: OPTICSClusterer: 44.9% (12100/26951) done.
[15-07-08, 17:59:19][info]: OPTICSClusterer: 45.27% (12200/26951) done.
[15-07-08, 17:59:22][info]: OPTICSClusterer: 45.64% (12300/26951) done.
[15-07-08, 17:59:25][info]: OPTICSClusterer: 46.01% (12400/26951) done.
[15-07-08, 17:59:28][info]: OPTICSClusterer: 46.38% (12500/26951) done.
[15-07-08, 17:59:31][info]: OPTICSClusterer: 46.75% (12600/26951) done.
[15-07-08, 17:59:34][info]: OPTICSClusterer: 47.12% (12700/26951) done.
[15-07-08, 17:59:38][info]: OPTICSClusterer: 47.49% (12800/26951) done.
[15-07-08, 17:59:42][info]: OPTICSClusterer: 47.86% (12900/26951) done.
[15-07-08, 17:59:45][info]: OPTICSClusterer: 48.24% (13000/26951) done.
[15-07-08, 17:59:49][info]: OPTICSClusterer: 48.61% (13100/26951) done.
[15-07-08, 17:59:52][info]: OPTICSClusterer: 48.98% (13200/26951) done.
[15-07-08, 17:59:55][info]: OPTICSClusterer: 49.35% (13300/26951) done.
[15-07-08, 17:59:58][info]: OPTICSClusterer: 49.72% (13400/26951) done.
[15-07-08, 18:00:01][info]: OPTICSClusterer: 50.09% (13500/26951) done.
[15-07-08, 18:00:04][info]: OPTICSClusterer: 50.46% (13600/26951) done.
[15-07-08, 18:00:07][info]: OPTICSClusterer: 50.83% (13700/26951) done.
[15-07-08, 18:00:10][info]: OPTICSClusterer: 51.2% (13800/26951) done.
[15-07-08, 18:00:26][info]: OPTICSClusterer: 51.58% (13900/26951) done.
[15-07-08, 18:00:33][info]: OPTICSClusterer: 51.95% (14000/26951) done.
[15-07-08, 18:00:37][info]: OPTICSClusterer: 52.32% (14100/26951) done.
[15-07-08, 18:00:41][info]: OPTICSClusterer: 52.69% (14200/26951) done.
[15-07-08, 18:00:44][info]: OPTICSClusterer: 53.06% (14300/26951) done.
[15-07-08, 18:00:47][info]: OPTICSClusterer: 53.43% (14400/26951) done.
[15-07-08, 18:00:50][info]: OPTICSClusterer: 53.8% (14500/26951) done.
[15-07-08, 18:00:53][info]: OPTICSClusterer: 54.17% (14600/26951) done.
[15-07-08, 18:00:56][info]: OPTICSClusterer: 54.54% (14700/26951) done.
[15-07-08, 18:00:59][info]: OPTICSClusterer: 54.91% (14800/26951) done.
[15-07-08, 18:01:02][info]: OPTICSClusterer: 55.29% (14900/26951) done.
[15-07-08, 18:01:05][info]: OPTICSClusterer: 55.66% (15000/26951) done.
[15-07-08, 18:01:08][info]: OPTICSClusterer: 56.03% (15100/26951) done.
[15-07-08, 18:01:11][info]: OPTICSClusterer: 56.4% (15200/26951) done.
[15-07-08, 18:01:14][info]: OPTICSClusterer: 56.77% (15300/26951) done.
[15-07-08, 18:01:17][info]: OPTICSClusterer: 57.14% (15400/26951) done.
[15-07-08, 18:01:20][info]: OPTICSClusterer: 57.51% (15500/26951) done.
[15-07-08, 18:01:23][info]: OPTICSClusterer: 57.88% (15600/26951) done.
[15-07-08, 18:01:26][info]: OPTICSClusterer: 58.25% (15700/26951) done.
[15-07-08, 18:01:29][info]: OPTICSClusterer: 58.62% (15800/26951) done.
[15-07-08, 18:01:32][info]: OPTICSClusterer: 59% (15900/26951) done.
[15-07-08, 18:01:35][info]: OPTICSClusterer: 59.37% (16000/26951) done.
[15-07-08, 18:01:38][info]: OPTICSClusterer: 59.74% (16100/26951) done.
[15-07-08, 18:01:42][info]: OPTICSClusterer: 60.11% (16200/26951) done.
[15-07-08, 18:01:44][info]: OPTICSClusterer: 60.48% (16300/26951) done.
[15-07-08, 18:01:47][info]: OPTICSClusterer: 60.85% (16400/26951) done.
[15-07-08, 18:01:50][info]: OPTICSClusterer: 61.22% (16500/26951) done.
[15-07-08, 18:01:53][info]: OPTICSClusterer: 61.59% (16600/26951) done.
[15-07-08, 18:01:56][info]: OPTICSClusterer: 61.96% (16700/26951) done.
[15-07-08, 18:01:59][info]: OPTICSClusterer: 62.34% (16800/26951) done.
[15-07-08, 18:02:01][info]: OPTICSClusterer: 62.71% (16900/26951) done.
[15-07-08, 18:02:04][info]: OPTICSClusterer: 63.08% (17000/26951) done.
[15-07-08, 18:02:07][info]: OPTICSClusterer: 63.45% (17100/26951) done.
[15-07-08, 18:02:10][info]: OPTICSClusterer: 63.82% (17200/26951) done.
[15-07-08, 18:02:12][info]: OPTICSClusterer: 64.19% (17300/26951) done.
[15-07-08, 18:02:15][info]: OPTICSClusterer: 64.56% (17400/26951) done.
[15-07-08, 18:02:18][info]: OPTICSClusterer: 64.93% (17500/26951) done.
[15-07-08, 18:02:20][info]: OPTICSClusterer: 65.3% (17600/26951) done.
[15-07-08, 18:02:23][info]: OPTICSClusterer: 65.67% (17700/26951) done.
[15-07-08, 18:02:26][info]: OPTICSClusterer: 66.05% (17800/26951) done.
[15-07-08, 18:02:28][info]: OPTICSClusterer: 66.42% (17900/26951) done.
[15-07-08, 18:02:31][info]: OPTICSClusterer: 66.79% (18000/26951) done.
[15-07-08, 18:02:34][info]: OPTICSClusterer: 67.16% (18100/26951) done.
[15-07-08, 18:02:36][info]: OPTICSClusterer: 67.53% (18200/26951) done.
[15-07-08, 18:02:39][info]: OPTICSClusterer: 67.9% (18300/26951) done.
[15-07-08, 18:02:42][info]: OPTICSClusterer: 68.27% (18400/26951) done.
[15-07-08, 18:02:44][info]: OPTICSClusterer: 68.64% (18500/26951) done.
[15-07-08, 18:02:48][info]: OPTICSClusterer: 69.01% (18600/26951) done.
[15-07-08, 18:02:50][info]: OPTICSClusterer: 69.39% (18700/26951) done.
[15-07-08, 18:02:53][info]: OPTICSClusterer: 69.76% (18800/26951) done.
[15-07-08, 18:02:56][info]: OPTICSClusterer: 70.13% (18900/26951) done.
[15-07-08, 18:02:58][info]: OPTICSClusterer: 70.5% (19000/26951) done.
[15-07-08, 18:03:01][info]: OPTICSClusterer: 70.87% (19100/26951) done.
[15-07-08, 18:03:04][info]: OPTICSClusterer: 71.24% (19200/26951) done.
[15-07-08, 18:03:06][info]: OPTICSClusterer: 71.61% (19300/26951) done.
[15-07-08, 18:03:09][info]: OPTICSClusterer: 71.98% (19400/26951) done.
[15-07-08, 18:03:11][info]: OPTICSClusterer: 72.35% (19500/26951) done.
[15-07-08, 18:03:14][info]: OPTICSClusterer: 72.72% (19600/26951) done.
[15-07-08, 18:03:17][info]: OPTICSClusterer: 73.1% (19700/26951) done.
[15-07-08, 18:03:19][info]: OPTICSClusterer: 73.47% (19800/26951) done.
[15-07-08, 18:03:22][info]: OPTICSClusterer: 73.84% (19900/26951) done.
[15-07-08, 18:03:25][info]: OPTICSClusterer: 74.21% (20000/26951) done.
[15-07-08, 18:03:27][info]: OPTICSClusterer: 74.58% (20100/26951) done.
[15-07-08, 18:03:30][info]: OPTICSClusterer: 74.95% (20200/26951) done.
[15-07-08, 18:03:32][info]: OPTICSClusterer: 75.32% (20300/26951) done.
[15-07-08, 18:03:35][info]: OPTICSClusterer: 75.69% (20400/26951) done.
[15-07-08, 18:03:37][info]: OPTICSClusterer: 76.06% (20500/26951) done.
[15-07-08, 18:03:40][info]: OPTICSClusterer: 76.44% (20600/26951) done.
[15-07-08, 18:03:42][info]: OPTICSClusterer: 76.81% (20700/26951) done.
[15-07-08, 18:03:45][info]: OPTICSClusterer: 77.18% (20800/26951) done.
[15-07-08, 18:03:48][info]: OPTICSClusterer: 77.55% (20900/26951) done.
[15-07-08, 18:03:50][info]: OPTICSClusterer: 77.92% (21000/26951) done.
[15-07-08, 18:03:53][info]: OPTICSClusterer: 78.29% (21100/26951) done.
[15-07-08, 18:03:56][info]: OPTICSClusterer: 78.66% (21200/26951) done.
[15-07-08, 18:03:58][info]: OPTICSClusterer: 79.03% (21300/26951) done.
[15-07-08, 18:04:01][info]: OPTICSClusterer: 79.4% (21400/26951) done.
[15-07-08, 18:04:04][info]: OPTICSClusterer: 79.77% (21500/26951) done.
[15-07-08, 18:04:06][info]: OPTICSClusterer: 80.15% (21600/26951) done.
[15-07-08, 18:04:09][info]: OPTICSClusterer: 80.52% (21700/26951) done.
[15-07-08, 18:04:11][info]: OPTICSClusterer: 80.89% (21800/26951) done.
[15-07-08, 18:04:14][info]: OPTICSClusterer: 81.26% (21900/26951) done.
[15-07-08, 18:04:16][info]: OPTICSClusterer: 81.63% (22000/26951) done.
[15-07-08, 18:04:19][info]: OPTICSClusterer: 82% (22100/26951) done.
[15-07-08, 18:04:21][info]: OPTICSClusterer: 82.37% (22200/26951) done.
[15-07-08, 18:04:24][info]: OPTICSClusterer: 82.74% (22300/26951) done.
[15-07-08, 18:04:26][info]: OPTICSClusterer: 83.11% (22400/26951) done.
[15-07-08, 18:04:29][info]: OPTICSClusterer: 83.48% (22500/26951) done.
[15-07-08, 18:04:31][info]: OPTICSClusterer: 83.86% (22600/26951) done.
[15-07-08, 18:04:34][info]: OPTICSClusterer: 84.23% (22700/26951) done.
[15-07-08, 18:04:36][info]: OPTICSClusterer: 84.6% (22800/26951) done.
[15-07-08, 18:04:39][info]: OPTICSClusterer: 84.97% (22900/26951) done.
[15-07-08, 18:04:41][info]: OPTICSClusterer: 85.34% (23000/26951) done.
[15-07-08, 18:04:44][info]: OPTICSClusterer: 85.71% (23100/26951) done.
[15-07-08, 18:04:46][info]: OPTICSClusterer: 86.08% (23200/26951) done.
[15-07-08, 18:04:49][info]: OPTICSClusterer: 86.45% (23300/26951) done.
[15-07-08, 18:04:51][info]: OPTICSClusterer: 86.82% (23400/26951) done.
[15-07-08, 18:04:54][info]: OPTICSClusterer: 87.2% (23500/26951) done.
[15-07-08, 18:04:57][info]: OPTICSClusterer: 87.57% (23600/26951) done.
[15-07-08, 18:05:00][info]: OPTICSClusterer: 87.94% (23700/26951) done.
[15-07-08, 18:05:02][info]: OPTICSClusterer: 88.31% (23800/26951) done.
[15-07-08, 18:05:05][info]: OPTICSClusterer: 88.68% (23900/26951) done.
[15-07-08, 18:05:07][info]: OPTICSClusterer: 89.05% (24000/26951) done.
[15-07-08, 18:05:10][info]: OPTICSClusterer: 89.42% (24100/26951) done.
[15-07-08, 18:05:13][info]: OPTICSClusterer: 89.79% (24200/26951) done.
[15-07-08, 18:05:15][info]: OPTICSClusterer: 90.16% (24300/26951) done.
[15-07-08, 18:05:18][info]: OPTICSClusterer: 90.53% (24400/26951) done.
[15-07-08, 18:05:20][info]: OPTICSClusterer: 90.91% (24500/26951) done.
[15-07-08, 18:05:23][info]: OPTICSClusterer: 91.28% (24600/26951) done.
[15-07-08, 18:05:25][info]: OPTICSClusterer: 91.65% (24700/26951) done.
[15-07-08, 18:05:28][info]: OPTICSClusterer: 92.02% (24800/26951) done.
[15-07-08, 18:05:30][info]: OPTICSClusterer: 92.39% (24900/26951) done.
[15-07-08, 18:05:33][info]: OPTICSClusterer: 92.76% (25000/26951) done.
[15-07-08, 18:05:35][info]: OPTICSClusterer: 93.13% (25100/26951) done.
[15-07-08, 18:05:38][info]: OPTICSClusterer: 93.5% (25200/26951) done.
[15-07-08, 18:05:41][info]: OPTICSClusterer: 93.87% (25300/26951) done.
[15-07-08, 18:05:43][info]: OPTICSClusterer: 94.25% (25400/26951) done.
[15-07-08, 18:05:46][info]: OPTICSClusterer: 94.62% (25500/26951) done.
[15-07-08, 18:05:48][info]: OPTICSClusterer: 94.99% (25600/26951) done.
[15-07-08, 18:05:51][info]: OPTICSClusterer: 95.36% (25700/26951) done.
[15-07-08, 18:05:53][info]: OPTICSClusterer: 95.73% (25800/26951) done.
[15-07-08, 18:05:56][info]: OPTICSClusterer: 96.1% (25900/26951) done.
[15-07-08, 18:05:58][info]: OPTICSClusterer: 96.47% (26000/26951) done.
[15-07-08, 18:06:01][info]: OPTICSClusterer: 96.84% (26100/26951) done.
[15-07-08, 18:06:03][info]: OPTICSClusterer: 97.21% (26200/26951) done.
[15-07-08, 18:06:06][info]: OPTICSClusterer: 97.58% (26300/26951) done.
[15-07-08, 18:06:09][info]: OPTICSClusterer: 97.96% (26400/26951) done.
[15-07-08, 18:06:11][info]: OPTICSClusterer: 98.33% (26500/26951) done.
[15-07-08, 18:06:14][info]: OPTICSClusterer: 98.7% (26600/26951) done.
[15-07-08, 18:06:16][info]: OPTICSClusterer: 99.07% (26700/26951) done.
[15-07-08, 18:06:19][info]: OPTICSClusterer: 99.44% (26800/26951) done.
[15-07-08, 18:06:21][info]: OPTICSClusterer: 99.81% (26900/26951) done.
[15-07-08, 18:06:22][info]: OPTICSClusterer: Writing reachability histogram to "optics_reachability_distances.txt"...
[15-07-08, 18:06:22][info]: OPTICSClusterer: Writing ordered indices to "optics_ordered_feature_indices.txt"...
[15-07-08, 18:06:25][info]: Clustering finished. Took 855993 milliseconds.
[15-07-08, 18:06:25][info]: Found 29 clusters
[15-07-08, 18:06:25][info]: Writing membership probabilities to "..\c_membership_probabilities.txt"...
[15-07-08, 18:06:25][info]: Writing cluster membership mappings to "..\c_membership_mappings.txt"...
[15-07-08, 18:06:25][info]: Calculating cluster means...
[15-07-08, 18:06:25][info]: Writing Cluster means to "cluster_means.txt"...
[15-07-08, 18:06:25][info]: Writing clusters to files...
[15-07-08, 18:06:26][info]: Writing paths of all cluster files to "..\c_class_files.txt"...
[15-07-08, 18:06:26][info]: *** Program end ***
