[15-07-08, 17:40:02][info]: *** program parameters ***
[15-07-08, 17:40:02][info]: Config file: ..\Clusterer.cfg
[15-07-08, 17:40:02][info]: Log file: ..\Clusterer.log
[15-07-08, 17:40:02][info]: Output directory: ..\clusterer_out
[15-07-08, 17:40:02][info]: Feature vector file: ..\fg_features.txt
[15-07-08, 17:40:02][info]: "path to images"-file: ..\fg_processed_images.txt
[15-07-08, 17:40:02][info]: Clusterer type: 1 aka flannkmeans
[15-07-08, 17:40:02][info]: Clusterer tweak vector: [20]
[15-07-08, 17:40:02][info]: Membership probabilities file: ..\c_membership_probabilities.txt
[15-07-08, 17:40:02][info]: Membership mappings file: ..\c_membership_mappings.txt
[15-07-08, 17:40:02][info]: Cluster means file: cluster_means.txt
[15-07-08, 17:40:02][info]: Result file prefix: c
[15-07-08, 17:40:02][info]: Result file paths file: ..\c_class_files.txt
[15-07-08, 17:40:02][info]: Symlink results: no
[15-07-08, 17:40:02][info]: Symlink saliency maps: no
[15-07-08, 17:40:02][info]: Saliency maps file: ..\fg_saliency_maps.txt
[15-07-08, 17:40:02][info]: *** supported clusterer types ***
[15-07-08, 17:40:02][info]: FLANNKMEANS, OUTLIER, OPTICS
[15-07-08, 17:40:02][info]: *** Program start ***
[15-07-08, 17:40:02][info]: Deleting old output files...
[15-07-08, 17:40:03][info]: Loading feature vectors...
[15-07-08, 17:40:03][info]: Loading image filenames...
[15-07-08, 17:40:03][info]: Clustering 2448 feature vectors with 30 dimensions each...
[15-07-08, 17:40:04][info]: Clustering finished. Took 722 milliseconds.
[15-07-08, 17:40:04][info]: Found 1 cluster
[15-07-08, 17:40:04][info]: Writing membership probabilities to "..\c_membership_probabilities.txt"...
[15-07-08, 17:40:04][info]: Writing cluster membership mappings to "..\c_membership_mappings.txt"...
[15-07-08, 17:40:04][info]: Calculating cluster means...
[15-07-08, 17:40:04][info]: Writing Cluster means to "cluster_means.txt"...
[15-07-08, 17:40:04][info]: Writing clusters to files...
[15-07-08, 17:40:04][info]: Writing paths of all cluster files to "..\c_class_files.txt"...
[15-07-08, 17:40:04][info]: *** Program end ***
