[15-07-08, 18:37:40][info]: *** program parameters ***
[15-07-08, 18:37:40][info]: Config file: ..\Clusterer.cfg
[15-07-08, 18:37:40][info]: Log file: ..\Clusterer.log
[15-07-08, 18:37:40][info]: Output directory: ..\clusterer_out
[15-07-08, 18:37:40][info]: Feature vector file: ..\fg_features.txt
[15-07-08, 18:37:40][info]: "path to images"-file: ..\fg_processed_images.txt
[15-07-08, 18:37:40][info]: Clusterer type: 3 aka optics
[15-07-08, 18:37:40][info]: Clusterer tweak vector: [0; 0; 50; 20; 0]
[15-07-08, 18:37:40][info]: Membership probabilities file: ..\c_membership_probabilities.txt
[15-07-08, 18:37:40][info]: Membership mappings file: ..\c_membership_mappings.txt
[15-07-08, 18:37:40][info]: Cluster means file: cluster_means.txt
[15-07-08, 18:37:40][info]: Result file prefix: c
[15-07-08, 18:37:40][info]: Result file paths file: ..\c_class_files.txt
[15-07-08, 18:37:40][info]: Symlink results: no
[15-07-08, 18:37:40][info]: Symlink saliency maps: no
[15-07-08, 18:37:40][info]: Saliency maps file: ..\fg_saliency_maps.txt
[15-07-08, 18:37:40][info]: *** supported clusterer types ***
[15-07-08, 18:37:40][info]: FLANNKMEANS, OUTLIER, OPTICS
[15-07-08, 18:37:40][info]: *** Program start ***
[15-07-08, 18:37:40][info]: Deleting old output files...
[15-07-08, 18:37:40][info]: Loading feature vectors...
[15-07-08, 18:37:40][info]: Loading image filenames...
[15-07-08, 18:37:40][info]: Clustering 2408 feature vectors with 38 dimensions each...
[15-07-08, 18:37:40][warning]: OPTICSClusterer: Tweak vector must contain 5 parameters:
0: 1 number specifying the behaviour: 0: find n clusters    or    1: find all clusters with high persistence at peaks
1: the epsilon optics parameter, if zero or negative, epsilon will be set to 3.40282e+038
2: the min_pts optics parameter, a positive integer; will otherwise be set to 1% of the size of the input data set
3: the number of clusters, if parameter 0 is set to '0'    or    the persistence value if parameter 0 is set to '1'
4: the outlier threshold: must be positive, will be set to 3.40282e+038 otherwise
[15-07-08, 18:37:40][notification]: Setting epsilon to 3.40282e+038.
[15-07-08, 18:37:40][notification]: Setting outlier threshold value to 3.40282e+038.
[15-07-08, 18:37:40][info]: OPTICSClusterer: 4.15% (100/2408) done.
[15-07-08, 18:37:41][info]: OPTICSClusterer: 8.31% (200/2408) done.
[15-07-08, 18:37:41][info]: OPTICSClusterer: 12.46% (300/2408) done.
[15-07-08, 18:37:41][info]: OPTICSClusterer: 16.61% (400/2408) done.
[15-07-08, 18:37:41][info]: OPTICSClusterer: 20.76% (500/2408) done.
[15-07-08, 18:37:41][info]: OPTICSClusterer: 24.92% (600/2408) done.
[15-07-08, 18:37:42][info]: OPTICSClusterer: 29.07% (700/2408) done.
[15-07-08, 18:37:42][info]: OPTICSClusterer: 33.22% (800/2408) done.
[15-07-08, 18:37:42][info]: OPTICSClusterer: 37.38% (900/2408) done.
[15-07-08, 18:37:42][info]: OPTICSClusterer: 41.53% (1000/2408) done.
[15-07-08, 18:37:43][info]: OPTICSClusterer: 45.68% (1100/2408) done.
[15-07-08, 18:37:43][info]: OPTICSClusterer: 49.83% (1200/2408) done.
[15-07-08, 18:37:43][info]: OPTICSClusterer: 53.99% (1300/2408) done.
[15-07-08, 18:37:43][info]: OPTICSClusterer: 58.14% (1400/2408) done.
[15-07-08, 18:37:43][info]: OPTICSClusterer: 62.29% (1500/2408) done.
[15-07-08, 18:37:44][info]: OPTICSClusterer: 66.45% (1600/2408) done.
[15-07-08, 18:37:44][info]: OPTICSClusterer: 70.6% (1700/2408) done.
[15-07-08, 18:37:44][info]: OPTICSClusterer: 74.75% (1800/2408) done.
[15-07-08, 18:37:44][info]: OPTICSClusterer: 78.9% (1900/2408) done.
[15-07-08, 18:37:44][info]: OPTICSClusterer: 83.06% (2000/2408) done.
[15-07-08, 18:37:44][info]: OPTICSClusterer: 87.21% (2100/2408) done.
[15-07-08, 18:37:45][info]: OPTICSClusterer: 91.36% (2200/2408) done.
[15-07-08, 18:37:45][info]: OPTICSClusterer: 95.51% (2300/2408) done.
[15-07-08, 18:37:45][info]: OPTICSClusterer: 99.67% (2400/2408) done.
[15-07-08, 18:37:45][info]: OPTICSClusterer: Writing reachability histogram to "optics_reachability_distances.txt"...
[15-07-08, 18:37:45][info]: OPTICSClusterer: Writing ordered indices to "optics_ordered_feature_indices.txt"...
[15-07-08, 18:37:45][info]: Clustering finished. Took 5134 milliseconds.
[15-07-08, 18:37:45][info]: Found 15 clusters
[15-07-08, 18:37:45][info]: Writing membership probabilities to "..\c_membership_probabilities.txt"...
[15-07-08, 18:37:45][info]: Writing cluster membership mappings to "..\c_membership_mappings.txt"...
[15-07-08, 18:37:45][info]: Calculating cluster means...
[15-07-08, 18:37:45][info]: Writing Cluster means to "cluster_means.txt"...
[15-07-08, 18:37:45][info]: Writing clusters to files...
[15-07-08, 18:37:45][info]: Writing paths of all cluster files to "..\c_class_files.txt"...
[15-07-08, 18:37:45][info]: *** Program end ***
