[15-07-08, 18:09:03][info]: *** program parameters ***
[15-07-08, 18:09:03][info]: Config file: ..\Clusterer.cfg
[15-07-08, 18:09:03][info]: Log file: ..\Clusterer.log
[15-07-08, 18:09:03][info]: Output directory: ..\clusterer_out
[15-07-08, 18:09:03][info]: Feature vector file: ..\fg_features.txt
[15-07-08, 18:09:03][info]: "path to images"-file: ..\fg_processed_images.txt
[15-07-08, 18:09:03][info]: Clusterer type: 3 aka optics
[15-07-08, 18:09:03][info]: Clusterer tweak vector: [0; 0; 50; 270; 0]
[15-07-08, 18:09:03][info]: Membership probabilities file: ..\c_membership_probabilities.txt
[15-07-08, 18:09:03][info]: Membership mappings file: ..\c_membership_mappings.txt
[15-07-08, 18:09:03][info]: Cluster means file: cluster_means.txt
[15-07-08, 18:09:03][info]: Result file prefix: c
[15-07-08, 18:09:03][info]: Result file paths file: ..\c_class_files.txt
[15-07-08, 18:09:03][info]: Symlink results: no
[15-07-08, 18:09:03][info]: Symlink saliency maps: no
[15-07-08, 18:09:03][info]: Saliency maps file: ..\fg_saliency_maps.txt
[15-07-08, 18:09:03][info]: *** supported clusterer types ***
[15-07-08, 18:09:03][info]: FLANNKMEANS, OUTLIER, OPTICS
[15-07-08, 18:09:03][info]: *** Program start ***
[15-07-08, 18:09:03][info]: Deleting old output files...
[15-07-08, 18:09:03][info]: Loading feature vectors...
[15-07-08, 18:09:04][info]: Loading image filenames...
[15-07-08, 18:09:06][info]: Clustering 28257 feature vectors with 30 dimensions each...
[15-07-08, 18:09:06][warning]: OPTICSClusterer: Tweak vector must contain 5 parameters:
0: 1 number specifying the behaviour: 0: find n clusters    or    1: find all clusters with high persistence at peaks
1: the epsilon optics parameter, if zero or negative, epsilon will be set to 3.40282e+038
2: the min_pts optics parameter, a positive integer; will otherwise be set to 1% of the size of the input data set
3: the number of clusters, if parameter 0 is set to '0'    or    the persistence value if parameter 0 is set to '1'
4: the outlier threshold: must be positive, will be set to 3.40282e+038 otherwise
[15-07-08, 18:09:06][notification]: Setting epsilon to 3.40282e+038.
[15-07-08, 18:09:06][notification]: Setting outlier threshold value to 3.40282e+038.
[15-07-08, 18:09:09][info]: OPTICSClusterer: 0.35% (100/28257) done.
[15-07-08, 18:09:12][info]: OPTICSClusterer: 0.71% (200/28257) done.
[15-07-08, 18:09:15][info]: OPTICSClusterer: 1.06% (300/28257) done.
[15-07-08, 18:09:18][info]: OPTICSClusterer: 1.42% (400/28257) done.
[15-07-08, 18:09:20][info]: OPTICSClusterer: 1.77% (500/28257) done.
[15-07-08, 18:09:22][info]: OPTICSClusterer: 2.12% (600/28257) done.
[15-07-08, 18:09:25][info]: OPTICSClusterer: 2.48% (700/28257) done.
[15-07-08, 18:09:28][info]: OPTICSClusterer: 2.83% (800/28257) done.
[15-07-08, 18:09:31][info]: OPTICSClusterer: 3.19% (900/28257) done.
[15-07-08, 18:09:33][info]: OPTICSClusterer: 3.54% (1000/28257) done.
[15-07-08, 18:09:36][info]: OPTICSClusterer: 3.89% (1100/28257) done.
[15-07-08, 18:09:38][info]: OPTICSClusterer: 4.25% (1200/28257) done.
[15-07-08, 18:09:41][info]: OPTICSClusterer: 4.6% (1300/28257) done.
[15-07-08, 18:09:43][info]: OPTICSClusterer: 4.95% (1400/28257) done.
[15-07-08, 18:09:46][info]: OPTICSClusterer: 5.31% (1500/28257) done.
[15-07-08, 18:09:49][info]: OPTICSClusterer: 5.66% (1600/28257) done.
[15-07-08, 18:09:52][info]: OPTICSClusterer: 6.02% (1700/28257) done.
[15-07-08, 18:09:54][info]: OPTICSClusterer: 6.37% (1800/28257) done.
[15-07-08, 18:09:57][info]: OPTICSClusterer: 6.72% (1900/28257) done.
[15-07-08, 18:10:00][info]: OPTICSClusterer: 7.08% (2000/28257) done.
[15-07-08, 18:10:02][info]: OPTICSClusterer: 7.43% (2100/28257) done.
[15-07-08, 18:10:05][info]: OPTICSClusterer: 7.79% (2200/28257) done.
[15-07-08, 18:10:08][info]: OPTICSClusterer: 8.14% (2300/28257) done.
[15-07-08, 18:10:10][info]: OPTICSClusterer: 8.49% (2400/28257) done.
[15-07-08, 18:10:13][info]: OPTICSClusterer: 8.85% (2500/28257) done.
[15-07-08, 18:10:16][info]: OPTICSClusterer: 9.2% (2600/28257) done.
[15-07-08, 18:10:19][info]: OPTICSClusterer: 9.56% (2700/28257) done.
[15-07-08, 18:10:21][info]: OPTICSClusterer: 9.91% (2800/28257) done.
[15-07-08, 18:10:24][info]: OPTICSClusterer: 10.26% (2900/28257) done.
[15-07-08, 18:10:27][info]: OPTICSClusterer: 10.62% (3000/28257) done.
[15-07-08, 18:10:30][info]: OPTICSClusterer: 10.97% (3100/28257) done.
[15-07-08, 18:10:33][info]: OPTICSClusterer: 11.32% (3200/28257) done.
[15-07-08, 18:10:36][info]: OPTICSClusterer: 11.68% (3300/28257) done.
[15-07-08, 18:10:39][info]: OPTICSClusterer: 12.03% (3400/28257) done.
[15-07-08, 18:10:41][info]: OPTICSClusterer: 12.39% (3500/28257) done.
[15-07-08, 18:10:44][info]: OPTICSClusterer: 12.74% (3600/28257) done.
[15-07-08, 18:10:47][info]: OPTICSClusterer: 13.09% (3700/28257) done.
[15-07-08, 18:10:49][info]: OPTICSClusterer: 13.45% (3800/28257) done.
[15-07-08, 18:10:52][info]: OPTICSClusterer: 13.8% (3900/28257) done.
[15-07-08, 18:10:55][info]: OPTICSClusterer: 14.16% (4000/28257) done.
[15-07-08, 18:10:58][info]: OPTICSClusterer: 14.51% (4100/28257) done.
[15-07-08, 18:11:00][info]: OPTICSClusterer: 14.86% (4200/28257) done.
[15-07-08, 18:11:03][info]: OPTICSClusterer: 15.22% (4300/28257) done.
[15-07-08, 18:11:06][info]: OPTICSClusterer: 15.57% (4400/28257) done.
[15-07-08, 18:11:08][info]: OPTICSClusterer: 15.93% (4500/28257) done.
[15-07-08, 18:11:11][info]: OPTICSClusterer: 16.28% (4600/28257) done.
[15-07-08, 18:11:14][info]: OPTICSClusterer: 16.63% (4700/28257) done.
[15-07-08, 18:11:16][info]: OPTICSClusterer: 16.99% (4800/28257) done.
[15-07-08, 18:11:19][info]: OPTICSClusterer: 17.34% (4900/28257) done.
[15-07-08, 18:11:22][info]: OPTICSClusterer: 17.69% (5000/28257) done.
[15-07-08, 18:11:25][info]: OPTICSClusterer: 18.05% (5100/28257) done.
[15-07-08, 18:11:27][info]: OPTICSClusterer: 18.4% (5200/28257) done.
[15-07-08, 18:11:30][info]: OPTICSClusterer: 18.76% (5300/28257) done.
[15-07-08, 18:11:33][info]: OPTICSClusterer: 19.11% (5400/28257) done.
[15-07-08, 18:11:35][info]: OPTICSClusterer: 19.46% (5500/28257) done.
[15-07-08, 18:11:38][info]: OPTICSClusterer: 19.82% (5600/28257) done.
[15-07-08, 18:11:41][info]: OPTICSClusterer: 20.17% (5700/28257) done.
[15-07-08, 18:11:43][info]: OPTICSClusterer: 20.53% (5800/28257) done.
[15-07-08, 18:11:46][info]: OPTICSClusterer: 20.88% (5900/28257) done.
[15-07-08, 18:11:49][info]: OPTICSClusterer: 21.23% (6000/28257) done.
[15-07-08, 18:11:51][info]: OPTICSClusterer: 21.59% (6100/28257) done.
[15-07-08, 18:11:54][info]: OPTICSClusterer: 21.94% (6200/28257) done.
[15-07-08, 18:11:56][info]: OPTICSClusterer: 22.3% (6300/28257) done.
[15-07-08, 18:11:59][info]: OPTICSClusterer: 22.65% (6400/28257) done.
[15-07-08, 18:12:01][info]: OPTICSClusterer: 23% (6500/28257) done.
[15-07-08, 18:12:04][info]: OPTICSClusterer: 23.36% (6600/28257) done.
[15-07-08, 18:12:06][info]: OPTICSClusterer: 23.71% (6700/28257) done.
[15-07-08, 18:12:09][info]: OPTICSClusterer: 24.06% (6800/28257) done.
[15-07-08, 18:12:11][info]: OPTICSClusterer: 24.42% (6900/28257) done.
[15-07-08, 18:12:13][info]: OPTICSClusterer: 24.77% (7000/28257) done.
[15-07-08, 18:12:15][info]: OPTICSClusterer: 25.13% (7100/28257) done.
[15-07-08, 18:12:18][info]: OPTICSClusterer: 25.48% (7200/28257) done.
[15-07-08, 18:12:20][info]: OPTICSClusterer: 25.83% (7300/28257) done.
[15-07-08, 18:12:23][info]: OPTICSClusterer: 26.19% (7400/28257) done.
[15-07-08, 18:12:25][info]: OPTICSClusterer: 26.54% (7500/28257) done.
[15-07-08, 18:12:27][info]: OPTICSClusterer: 26.9% (7600/28257) done.
[15-07-08, 18:12:30][info]: OPTICSClusterer: 27.25% (7700/28257) done.
[15-07-08, 18:12:32][info]: OPTICSClusterer: 27.6% (7800/28257) done.
[15-07-08, 18:12:35][info]: OPTICSClusterer: 27.96% (7900/28257) done.
[15-07-08, 18:12:37][info]: OPTICSClusterer: 28.31% (8000/28257) done.
[15-07-08, 18:12:39][info]: OPTICSClusterer: 28.67% (8100/28257) done.
[15-07-08, 18:12:41][info]: OPTICSClusterer: 29.02% (8200/28257) done.
[15-07-08, 18:12:44][info]: OPTICSClusterer: 29.37% (8300/28257) done.
[15-07-08, 18:12:47][info]: OPTICSClusterer: 29.73% (8400/28257) done.
[15-07-08, 18:12:49][info]: OPTICSClusterer: 30.08% (8500/28257) done.
[15-07-08, 18:12:52][info]: OPTICSClusterer: 30.43% (8600/28257) done.
[15-07-08, 18:12:54][info]: OPTICSClusterer: 30.79% (8700/28257) done.
[15-07-08, 18:12:56][info]: OPTICSClusterer: 31.14% (8800/28257) done.
[15-07-08, 18:12:59][info]: OPTICSClusterer: 31.5% (8900/28257) done.
[15-07-08, 18:13:01][info]: OPTICSClusterer: 31.85% (9000/28257) done.
[15-07-08, 18:13:04][info]: OPTICSClusterer: 32.2% (9100/28257) done.
[15-07-08, 18:13:06][info]: OPTICSClusterer: 32.56% (9200/28257) done.
[15-07-08, 18:13:08][info]: OPTICSClusterer: 32.91% (9300/28257) done.
[15-07-08, 18:13:11][info]: OPTICSClusterer: 33.27% (9400/28257) done.
[15-07-08, 18:13:14][info]: OPTICSClusterer: 33.62% (9500/28257) done.
[15-07-08, 18:13:16][info]: OPTICSClusterer: 33.97% (9600/28257) done.
[15-07-08, 18:13:18][info]: OPTICSClusterer: 34.33% (9700/28257) done.
[15-07-08, 18:13:21][info]: OPTICSClusterer: 34.68% (9800/28257) done.
[15-07-08, 18:13:23][info]: OPTICSClusterer: 35.04% (9900/28257) done.
[15-07-08, 18:13:25][info]: OPTICSClusterer: 35.39% (10000/28257) done.
[15-07-08, 18:13:28][info]: OPTICSClusterer: 35.74% (10100/28257) done.
[15-07-08, 18:13:30][info]: OPTICSClusterer: 36.1% (10200/28257) done.
[15-07-08, 18:13:32][info]: OPTICSClusterer: 36.45% (10300/28257) done.
[15-07-08, 18:13:35][info]: OPTICSClusterer: 36.81% (10400/28257) done.
[15-07-08, 18:13:37][info]: OPTICSClusterer: 37.16% (10500/28257) done.
[15-07-08, 18:13:39][info]: OPTICSClusterer: 37.51% (10600/28257) done.
[15-07-08, 18:13:42][info]: OPTICSClusterer: 37.87% (10700/28257) done.
[15-07-08, 18:13:44][info]: OPTICSClusterer: 38.22% (10800/28257) done.
[15-07-08, 18:13:46][info]: OPTICSClusterer: 38.57% (10900/28257) done.
[15-07-08, 18:13:49][info]: OPTICSClusterer: 38.93% (11000/28257) done.
[15-07-08, 18:13:52][info]: OPTICSClusterer: 39.28% (11100/28257) done.
[15-07-08, 18:13:54][info]: OPTICSClusterer: 39.64% (11200/28257) done.
[15-07-08, 18:13:57][info]: OPTICSClusterer: 39.99% (11300/28257) done.
[15-07-08, 18:13:59][info]: OPTICSClusterer: 40.34% (11400/28257) done.
[15-07-08, 18:14:01][info]: OPTICSClusterer: 40.7% (11500/28257) done.
[15-07-08, 18:14:04][info]: OPTICSClusterer: 41.05% (11600/28257) done.
[15-07-08, 18:14:06][info]: OPTICSClusterer: 41.41% (11700/28257) done.
[15-07-08, 18:14:08][info]: OPTICSClusterer: 41.76% (11800/28257) done.
[15-07-08, 18:14:11][info]: OPTICSClusterer: 42.11% (11900/28257) done.
[15-07-08, 18:14:13][info]: OPTICSClusterer: 42.47% (12000/28257) done.
[15-07-08, 18:14:15][info]: OPTICSClusterer: 42.82% (12100/28257) done.
[15-07-08, 18:14:18][info]: OPTICSClusterer: 43.18% (12200/28257) done.
[15-07-08, 18:14:20][info]: OPTICSClusterer: 43.53% (12300/28257) done.
[15-07-08, 18:14:22][info]: OPTICSClusterer: 43.88% (12400/28257) done.
[15-07-08, 18:14:25][info]: OPTICSClusterer: 44.24% (12500/28257) done.
[15-07-08, 18:14:27][info]: OPTICSClusterer: 44.59% (12600/28257) done.
[15-07-08, 18:14:30][info]: OPTICSClusterer: 44.94% (12700/28257) done.
[15-07-08, 18:14:32][info]: OPTICSClusterer: 45.3% (12800/28257) done.
[15-07-08, 18:14:34][info]: OPTICSClusterer: 45.65% (12900/28257) done.
[15-07-08, 18:14:37][info]: OPTICSClusterer: 46.01% (13000/28257) done.
[15-07-08, 18:14:39][info]: OPTICSClusterer: 46.36% (13100/28257) done.
[15-07-08, 18:14:41][info]: OPTICSClusterer: 46.71% (13200/28257) done.
[15-07-08, 18:14:44][info]: OPTICSClusterer: 47.07% (13300/28257) done.
[15-07-08, 18:14:46][info]: OPTICSClusterer: 47.42% (13400/28257) done.
[15-07-08, 18:14:49][info]: OPTICSClusterer: 47.78% (13500/28257) done.
[15-07-08, 18:14:51][info]: OPTICSClusterer: 48.13% (13600/28257) done.
[15-07-08, 18:14:53][info]: OPTICSClusterer: 48.48% (13700/28257) done.
[15-07-08, 18:14:56][info]: OPTICSClusterer: 48.84% (13800/28257) done.
[15-07-08, 18:14:59][info]: OPTICSClusterer: 49.19% (13900/28257) done.
[15-07-08, 18:15:01][info]: OPTICSClusterer: 49.55% (14000/28257) done.
[15-07-08, 18:15:04][info]: OPTICSClusterer: 49.9% (14100/28257) done.
[15-07-08, 18:15:06][info]: OPTICSClusterer: 50.25% (14200/28257) done.
[15-07-08, 18:15:08][info]: OPTICSClusterer: 50.61% (14300/28257) done.
[15-07-08, 18:15:10][info]: OPTICSClusterer: 50.96% (14400/28257) done.
[15-07-08, 18:15:13][info]: OPTICSClusterer: 51.31% (14500/28257) done.
[15-07-08, 18:15:15][info]: OPTICSClusterer: 51.67% (14600/28257) done.
[15-07-08, 18:15:18][info]: OPTICSClusterer: 52.02% (14700/28257) done.
[15-07-08, 18:15:20][info]: OPTICSClusterer: 52.38% (14800/28257) done.
[15-07-08, 18:15:22][info]: OPTICSClusterer: 52.73% (14900/28257) done.
[15-07-08, 18:15:25][info]: OPTICSClusterer: 53.08% (15000/28257) done.
[15-07-08, 18:15:27][info]: OPTICSClusterer: 53.44% (15100/28257) done.
[15-07-08, 18:15:30][info]: OPTICSClusterer: 53.79% (15200/28257) done.
[15-07-08, 18:15:32][info]: OPTICSClusterer: 54.15% (15300/28257) done.
[15-07-08, 18:15:34][info]: OPTICSClusterer: 54.5% (15400/28257) done.
[15-07-08, 18:15:37][info]: OPTICSClusterer: 54.85% (15500/28257) done.
[15-07-08, 18:15:39][info]: OPTICSClusterer: 55.21% (15600/28257) done.
[15-07-08, 18:15:41][info]: OPTICSClusterer: 55.56% (15700/28257) done.
[15-07-08, 18:15:43][info]: OPTICSClusterer: 55.92% (15800/28257) done.
[15-07-08, 18:15:46][info]: OPTICSClusterer: 56.27% (15900/28257) done.
[15-07-08, 18:15:48][info]: OPTICSClusterer: 56.62% (16000/28257) done.
[15-07-08, 18:15:50][info]: OPTICSClusterer: 56.98% (16100/28257) done.
[15-07-08, 18:15:53][info]: OPTICSClusterer: 57.33% (16200/28257) done.
[15-07-08, 18:15:55][info]: OPTICSClusterer: 57.68% (16300/28257) done.
[15-07-08, 18:15:57][info]: OPTICSClusterer: 58.04% (16400/28257) done.
[15-07-08, 18:16:00][info]: OPTICSClusterer: 58.39% (16500/28257) done.
[15-07-08, 18:16:02][info]: OPTICSClusterer: 58.75% (16600/28257) done.
[15-07-08, 18:16:05][info]: OPTICSClusterer: 59.1% (16700/28257) done.
[15-07-08, 18:16:07][info]: OPTICSClusterer: 59.45% (16800/28257) done.
[15-07-08, 18:16:10][info]: OPTICSClusterer: 59.81% (16900/28257) done.
[15-07-08, 18:16:12][info]: OPTICSClusterer: 60.16% (17000/28257) done.
[15-07-08, 18:16:14][info]: OPTICSClusterer: 60.52% (17100/28257) done.
[15-07-08, 18:16:17][info]: OPTICSClusterer: 60.87% (17200/28257) done.
[15-07-08, 18:16:19][info]: OPTICSClusterer: 61.22% (17300/28257) done.
[15-07-08, 18:16:21][info]: OPTICSClusterer: 61.58% (17400/28257) done.
[15-07-08, 18:16:23][info]: OPTICSClusterer: 61.93% (17500/28257) done.
[15-07-08, 18:16:26][info]: OPTICSClusterer: 62.29% (17600/28257) done.
[15-07-08, 18:16:28][info]: OPTICSClusterer: 62.64% (17700/28257) done.
[15-07-08, 18:16:31][info]: OPTICSClusterer: 62.99% (17800/28257) done.
[15-07-08, 18:16:33][info]: OPTICSClusterer: 63.35% (17900/28257) done.
[15-07-08, 18:16:35][info]: OPTICSClusterer: 63.7% (18000/28257) done.
[15-07-08, 18:16:38][info]: OPTICSClusterer: 64.05% (18100/28257) done.
[15-07-08, 18:16:40][info]: OPTICSClusterer: 64.41% (18200/28257) done.
[15-07-08, 18:16:42][info]: OPTICSClusterer: 64.76% (18300/28257) done.
[15-07-08, 18:16:44][info]: OPTICSClusterer: 65.12% (18400/28257) done.
[15-07-08, 18:16:47][info]: OPTICSClusterer: 65.47% (18500/28257) done.
[15-07-08, 18:16:49][info]: OPTICSClusterer: 65.82% (18600/28257) done.
[15-07-08, 18:16:51][info]: OPTICSClusterer: 66.18% (18700/28257) done.
[15-07-08, 18:16:54][info]: OPTICSClusterer: 66.53% (18800/28257) done.
[15-07-08, 18:16:56][info]: OPTICSClusterer: 66.89% (18900/28257) done.
[15-07-08, 18:16:58][info]: OPTICSClusterer: 67.24% (19000/28257) done.
[15-07-08, 18:17:01][info]: OPTICSClusterer: 67.59% (19100/28257) done.
[15-07-08, 18:17:03][info]: OPTICSClusterer: 67.95% (19200/28257) done.
[15-07-08, 18:17:05][info]: OPTICSClusterer: 68.3% (19300/28257) done.
[15-07-08, 18:17:08][info]: OPTICSClusterer: 68.66% (19400/28257) done.
[15-07-08, 18:17:10][info]: OPTICSClusterer: 69.01% (19500/28257) done.
[15-07-08, 18:17:13][info]: OPTICSClusterer: 69.36% (19600/28257) done.
[15-07-08, 18:17:15][info]: OPTICSClusterer: 69.72% (19700/28257) done.
[15-07-08, 18:17:17][info]: OPTICSClusterer: 70.07% (19800/28257) done.
[15-07-08, 18:17:20][info]: OPTICSClusterer: 70.43% (19900/28257) done.
[15-07-08, 18:17:22][info]: OPTICSClusterer: 70.78% (20000/28257) done.
[15-07-08, 18:17:24][info]: OPTICSClusterer: 71.13% (20100/28257) done.
[15-07-08, 18:17:26][info]: OPTICSClusterer: 71.49% (20200/28257) done.
[15-07-08, 18:17:29][info]: OPTICSClusterer: 71.84% (20300/28257) done.
[15-07-08, 18:17:31][info]: OPTICSClusterer: 72.19% (20400/28257) done.
[15-07-08, 18:17:33][info]: OPTICSClusterer: 72.55% (20500/28257) done.
[15-07-08, 18:17:35][info]: OPTICSClusterer: 72.9% (20600/28257) done.
[15-07-08, 18:17:38][info]: OPTICSClusterer: 73.26% (20700/28257) done.
[15-07-08, 18:17:40][info]: OPTICSClusterer: 73.61% (20800/28257) done.
[15-07-08, 18:17:42][info]: OPTICSClusterer: 73.96% (20900/28257) done.
[15-07-08, 18:17:44][info]: OPTICSClusterer: 74.32% (21000/28257) done.
[15-07-08, 18:17:47][info]: OPTICSClusterer: 74.67% (21100/28257) done.
[15-07-08, 18:17:49][info]: OPTICSClusterer: 75.03% (21200/28257) done.
[15-07-08, 18:17:51][info]: OPTICSClusterer: 75.38% (21300/28257) done.
[15-07-08, 18:17:53][info]: OPTICSClusterer: 75.73% (21400/28257) done.
[15-07-08, 18:17:56][info]: OPTICSClusterer: 76.09% (21500/28257) done.
[15-07-08, 18:17:58][info]: OPTICSClusterer: 76.44% (21600/28257) done.
[15-07-08, 18:18:00][info]: OPTICSClusterer: 76.8% (21700/28257) done.
[15-07-08, 18:18:03][info]: OPTICSClusterer: 77.15% (21800/28257) done.
[15-07-08, 18:18:05][info]: OPTICSClusterer: 77.5% (21900/28257) done.
[15-07-08, 18:18:07][info]: OPTICSClusterer: 77.86% (22000/28257) done.
[15-07-08, 18:18:09][info]: OPTICSClusterer: 78.21% (22100/28257) done.
[15-07-08, 18:18:12][info]: OPTICSClusterer: 78.56% (22200/28257) done.
[15-07-08, 18:18:14][info]: OPTICSClusterer: 78.92% (22300/28257) done.
[15-07-08, 18:18:17][info]: OPTICSClusterer: 79.27% (22400/28257) done.
[15-07-08, 18:18:19][info]: OPTICSClusterer: 79.63% (22500/28257) done.
[15-07-08, 18:18:21][info]: OPTICSClusterer: 79.98% (22600/28257) done.
[15-07-08, 18:18:23][info]: OPTICSClusterer: 80.33% (22700/28257) done.
[15-07-08, 18:18:26][info]: OPTICSClusterer: 80.69% (22800/28257) done.
[15-07-08, 18:18:28][info]: OPTICSClusterer: 81.04% (22900/28257) done.
[15-07-08, 18:18:30][info]: OPTICSClusterer: 81.4% (23000/28257) done.
[15-07-08, 18:18:32][info]: OPTICSClusterer: 81.75% (23100/28257) done.
[15-07-08, 18:18:34][info]: OPTICSClusterer: 82.1% (23200/28257) done.
[15-07-08, 18:18:37][info]: OPTICSClusterer: 82.46% (23300/28257) done.
[15-07-08, 18:18:39][info]: OPTICSClusterer: 82.81% (23400/28257) done.
[15-07-08, 18:18:41][info]: OPTICSClusterer: 83.17% (23500/28257) done.
[15-07-08, 18:18:43][info]: OPTICSClusterer: 83.52% (23600/28257) done.
[15-07-08, 18:18:45][info]: OPTICSClusterer: 83.87% (23700/28257) done.
[15-07-08, 18:18:48][info]: OPTICSClusterer: 84.23% (23800/28257) done.
[15-07-08, 18:18:50][info]: OPTICSClusterer: 84.58% (23900/28257) done.
[15-07-08, 18:18:52][info]: OPTICSClusterer: 84.93% (24000/28257) done.
[15-07-08, 18:18:54][info]: OPTICSClusterer: 85.29% (24100/28257) done.
[15-07-08, 18:18:56][info]: OPTICSClusterer: 85.64% (24200/28257) done.
[15-07-08, 18:18:59][info]: OPTICSClusterer: 86% (24300/28257) done.
[15-07-08, 18:19:01][info]: OPTICSClusterer: 86.35% (24400/28257) done.
[15-07-08, 18:19:03][info]: OPTICSClusterer: 86.7% (24500/28257) done.
[15-07-08, 18:19:05][info]: OPTICSClusterer: 87.06% (24600/28257) done.
[15-07-08, 18:19:07][info]: OPTICSClusterer: 87.41% (24700/28257) done.
[15-07-08, 18:19:09][info]: OPTICSClusterer: 87.77% (24800/28257) done.
[15-07-08, 18:19:12][info]: OPTICSClusterer: 88.12% (24900/28257) done.
[15-07-08, 18:19:14][info]: OPTICSClusterer: 88.47% (25000/28257) done.
[15-07-08, 18:19:16][info]: OPTICSClusterer: 88.83% (25100/28257) done.
[15-07-08, 18:19:18][info]: OPTICSClusterer: 89.18% (25200/28257) done.
[15-07-08, 18:19:20][info]: OPTICSClusterer: 89.54% (25300/28257) done.
[15-07-08, 18:19:23][info]: OPTICSClusterer: 89.89% (25400/28257) done.
[15-07-08, 18:19:25][info]: OPTICSClusterer: 90.24% (25500/28257) done.
[15-07-08, 18:19:27][info]: OPTICSClusterer: 90.6% (25600/28257) done.
[15-07-08, 18:19:29][info]: OPTICSClusterer: 90.95% (25700/28257) done.
[15-07-08, 18:19:31][info]: OPTICSClusterer: 91.3% (25800/28257) done.
[15-07-08, 18:19:34][info]: OPTICSClusterer: 91.66% (25900/28257) done.
[15-07-08, 18:19:36][info]: OPTICSClusterer: 92.01% (26000/28257) done.
[15-07-08, 18:19:38][info]: OPTICSClusterer: 92.37% (26100/28257) done.
[15-07-08, 18:19:40][info]: OPTICSClusterer: 92.72% (26200/28257) done.
[15-07-08, 18:19:42][info]: OPTICSClusterer: 93.07% (26300/28257) done.
[15-07-08, 18:19:45][info]: OPTICSClusterer: 93.43% (26400/28257) done.
[15-07-08, 18:19:47][info]: OPTICSClusterer: 93.78% (26500/28257) done.
[15-07-08, 18:19:49][info]: OPTICSClusterer: 94.14% (26600/28257) done.
[15-07-08, 18:19:51][info]: OPTICSClusterer: 94.49% (26700/28257) done.
[15-07-08, 18:19:54][info]: OPTICSClusterer: 94.84% (26800/28257) done.
[15-07-08, 18:19:56][info]: OPTICSClusterer: 95.2% (26900/28257) done.
[15-07-08, 18:19:58][info]: OPTICSClusterer: 95.55% (27000/28257) done.
[15-07-08, 18:20:00][info]: OPTICSClusterer: 95.91% (27100/28257) done.
[15-07-08, 18:20:03][info]: OPTICSClusterer: 96.26% (27200/28257) done.
[15-07-08, 18:20:05][info]: OPTICSClusterer: 96.61% (27300/28257) done.
[15-07-08, 18:20:07][info]: OPTICSClusterer: 96.97% (27400/28257) done.
[15-07-08, 18:20:09][info]: OPTICSClusterer: 97.32% (27500/28257) done.
[15-07-08, 18:20:11][info]: OPTICSClusterer: 97.67% (27600/28257) done.
[15-07-08, 18:20:14][info]: OPTICSClusterer: 98.03% (27700/28257) done.
[15-07-08, 18:20:16][info]: OPTICSClusterer: 98.38% (27800/28257) done.
[15-07-08, 18:20:18][info]: OPTICSClusterer: 98.74% (27900/28257) done.
[15-07-08, 18:20:20][info]: OPTICSClusterer: 99.09% (28000/28257) done.
[15-07-08, 18:20:22][info]: OPTICSClusterer: 99.44% (28100/28257) done.
[15-07-08, 18:20:24][info]: OPTICSClusterer: 99.8% (28200/28257) done.
[15-07-08, 18:20:25][info]: OPTICSClusterer: Writing reachability histogram to "optics_reachability_distances.txt"...
[15-07-08, 18:20:25][info]: OPTICSClusterer: Writing ordered indices to "optics_ordered_feature_indices.txt"...
[15-07-08, 18:20:28][info]: Clustering finished. Took 682295 milliseconds.
[15-07-08, 18:20:28][info]: Found 100 clusters
[15-07-08, 18:20:28][info]: Writing membership probabilities to "..\c_membership_probabilities.txt"...
[15-07-08, 18:20:30][info]: Writing cluster membership mappings to "..\c_membership_mappings.txt"...
[15-07-08, 18:20:30][info]: Calculating cluster means...
[15-07-08, 18:20:30][info]: Writing Cluster means to "cluster_means.txt"...
[15-07-08, 18:20:30][info]: Writing clusters to files...
[15-07-08, 18:20:31][info]: Writing paths of all cluster files to "..\c_class_files.txt"...
[15-07-08, 18:20:31][info]: *** Program end ***
