[15-07-08, 18:21:30][info]: *** program parameters ***
[15-07-08, 18:21:30][info]: Config file: ..\Clusterer.cfg
[15-07-08, 18:21:30][info]: Log file: ..\Clusterer.log
[15-07-08, 18:21:30][info]: Output directory: ..\clusterer_out
[15-07-08, 18:21:30][info]: Feature vector file: ..\fg_features.txt
[15-07-08, 18:21:30][info]: "path to images"-file: ..\fg_processed_images.txt
[15-07-08, 18:21:30][info]: Clusterer type: 3 aka optics
[15-07-08, 18:21:30][info]: Clusterer tweak vector: [0; 0; 50; 270; 0]
[15-07-08, 18:21:30][info]: Membership probabilities file: ..\c_membership_probabilities.txt
[15-07-08, 18:21:30][info]: Membership mappings file: ..\c_membership_mappings.txt
[15-07-08, 18:21:30][info]: Cluster means file: cluster_means.txt
[15-07-08, 18:21:30][info]: Result file prefix: c
[15-07-08, 18:21:30][info]: Result file paths file: ..\c_class_files.txt
[15-07-08, 18:21:30][info]: Symlink results: no
[15-07-08, 18:21:30][info]: Symlink saliency maps: no
[15-07-08, 18:21:30][info]: Saliency maps file: ..\fg_saliency_maps.txt
[15-07-08, 18:21:30][info]: *** supported clusterer types ***
[15-07-08, 18:21:30][info]: FLANNKMEANS, OUTLIER, OPTICS
[15-07-08, 18:21:30][info]: *** Program start ***
[15-07-08, 18:21:30][info]: Deleting old output files...
[15-07-08, 18:21:30][info]: Loading feature vectors...
[15-07-08, 18:21:32][info]: Loading image filenames...
[15-07-08, 18:21:33][info]: Clustering 28257 feature vectors with 30 dimensions each...
[15-07-08, 18:21:33][warning]: OPTICSClusterer: Tweak vector must contain 5 parameters:
0: 1 number specifying the behaviour: 0: find n clusters    or    1: find all clusters with high persistence at peaks
1: the epsilon optics parameter, if zero or negative, epsilon will be set to 3.40282e+038
2: the min_pts optics parameter, a positive integer; will otherwise be set to 1% of the size of the input data set
3: the number of clusters, if parameter 0 is set to '0'    or    the persistence value if parameter 0 is set to '1'
4: the outlier threshold: must be positive, will be set to 3.40282e+038 otherwise
[15-07-08, 18:21:33][notification]: Setting epsilon to 3.40282e+038.
[15-07-08, 18:21:33][notification]: Setting outlier threshold value to 3.40282e+038.
[15-07-08, 18:21:37][info]: OPTICSClusterer: 0.35% (100/28257) done.
[15-07-08, 18:21:39][info]: OPTICSClusterer: 0.71% (200/28257) done.
[15-07-08, 18:21:42][info]: OPTICSClusterer: 1.06% (300/28257) done.
[15-07-08, 18:21:45][info]: OPTICSClusterer: 1.42% (400/28257) done.
[15-07-08, 18:21:47][info]: OPTICSClusterer: 1.77% (500/28257) done.
[15-07-08, 18:21:50][info]: OPTICSClusterer: 2.12% (600/28257) done.
[15-07-08, 18:21:52][info]: OPTICSClusterer: 2.48% (700/28257) done.
[15-07-08, 18:21:55][info]: OPTICSClusterer: 2.83% (800/28257) done.
[15-07-08, 18:21:58][info]: OPTICSClusterer: 3.19% (900/28257) done.
[15-07-08, 18:22:00][info]: OPTICSClusterer: 3.54% (1000/28257) done.
[15-07-08, 18:22:03][info]: OPTICSClusterer: 3.89% (1100/28257) done.
[15-07-08, 18:22:06][info]: OPTICSClusterer: 4.25% (1200/28257) done.
[15-07-08, 18:22:08][info]: OPTICSClusterer: 4.6% (1300/28257) done.
[15-07-08, 18:22:11][info]: OPTICSClusterer: 4.95% (1400/28257) done.
[15-07-08, 18:22:13][info]: OPTICSClusterer: 5.31% (1500/28257) done.
[15-07-08, 18:22:16][info]: OPTICSClusterer: 5.66% (1600/28257) done.
[15-07-08, 18:22:19][info]: OPTICSClusterer: 6.02% (1700/28257) done.
[15-07-08, 18:22:21][info]: OPTICSClusterer: 6.37% (1800/28257) done.
[15-07-08, 18:22:24][info]: OPTICSClusterer: 6.72% (1900/28257) done.
[15-07-08, 18:22:26][info]: OPTICSClusterer: 7.08% (2000/28257) done.
[15-07-08, 18:22:29][info]: OPTICSClusterer: 7.43% (2100/28257) done.
[15-07-08, 18:22:32][info]: OPTICSClusterer: 7.79% (2200/28257) done.
[15-07-08, 18:22:34][info]: OPTICSClusterer: 8.14% (2300/28257) done.
[15-07-08, 18:22:37][info]: OPTICSClusterer: 8.49% (2400/28257) done.
[15-07-08, 18:22:40][info]: OPTICSClusterer: 8.85% (2500/28257) done.
[15-07-08, 18:22:43][info]: OPTICSClusterer: 9.2% (2600/28257) done.
[15-07-08, 18:22:45][info]: OPTICSClusterer: 9.56% (2700/28257) done.
[15-07-08, 18:22:48][info]: OPTICSClusterer: 9.91% (2800/28257) done.
[15-07-08, 18:22:51][info]: OPTICSClusterer: 10.26% (2900/28257) done.
[15-07-08, 18:22:53][info]: OPTICSClusterer: 10.62% (3000/28257) done.
[15-07-08, 18:22:56][info]: OPTICSClusterer: 10.97% (3100/28257) done.
[15-07-08, 18:22:58][info]: OPTICSClusterer: 11.32% (3200/28257) done.
[15-07-08, 18:23:01][info]: OPTICSClusterer: 11.68% (3300/28257) done.
[15-07-08, 18:23:03][info]: OPTICSClusterer: 12.03% (3400/28257) done.
[15-07-08, 18:23:06][info]: OPTICSClusterer: 12.39% (3500/28257) done.
[15-07-08, 18:23:09][info]: OPTICSClusterer: 12.74% (3600/28257) done.
[15-07-08, 18:23:11][info]: OPTICSClusterer: 13.09% (3700/28257) done.
[15-07-08, 18:23:14][info]: OPTICSClusterer: 13.45% (3800/28257) done.
[15-07-08, 18:23:16][info]: OPTICSClusterer: 13.8% (3900/28257) done.
[15-07-08, 18:23:19][info]: OPTICSClusterer: 14.16% (4000/28257) done.
[15-07-08, 18:23:21][info]: OPTICSClusterer: 14.51% (4100/28257) done.
[15-07-08, 18:23:24][info]: OPTICSClusterer: 14.86% (4200/28257) done.
[15-07-08, 18:23:27][info]: OPTICSClusterer: 15.22% (4300/28257) done.
[15-07-08, 18:23:29][info]: OPTICSClusterer: 15.57% (4400/28257) done.
[15-07-08, 18:23:32][info]: OPTICSClusterer: 15.93% (4500/28257) done.
[15-07-08, 18:23:34][info]: OPTICSClusterer: 16.28% (4600/28257) done.
[15-07-08, 18:23:37][info]: OPTICSClusterer: 16.63% (4700/28257) done.
[15-07-08, 18:23:39][info]: OPTICSClusterer: 16.99% (4800/28257) done.
[15-07-08, 18:23:42][info]: OPTICSClusterer: 17.34% (4900/28257) done.
[15-07-08, 18:23:45][info]: OPTICSClusterer: 17.69% (5000/28257) done.
[15-07-08, 18:23:48][info]: OPTICSClusterer: 18.05% (5100/28257) done.
[15-07-08, 18:23:50][info]: OPTICSClusterer: 18.4% (5200/28257) done.
[15-07-08, 18:23:53][info]: OPTICSClusterer: 18.76% (5300/28257) done.
[15-07-08, 18:23:56][info]: OPTICSClusterer: 19.11% (5400/28257) done.
[15-07-08, 18:23:58][info]: OPTICSClusterer: 19.46% (5500/28257) done.
[15-07-08, 18:24:01][info]: OPTICSClusterer: 19.82% (5600/28257) done.
[15-07-08, 18:24:03][info]: OPTICSClusterer: 20.17% (5700/28257) done.
[15-07-08, 18:24:06][info]: OPTICSClusterer: 20.53% (5800/28257) done.
[15-07-08, 18:24:08][info]: OPTICSClusterer: 20.88% (5900/28257) done.
[15-07-08, 18:24:11][info]: OPTICSClusterer: 21.23% (6000/28257) done.
[15-07-08, 18:24:13][info]: OPTICSClusterer: 21.59% (6100/28257) done.
[15-07-08, 18:24:16][info]: OPTICSClusterer: 21.94% (6200/28257) done.
[15-07-08, 18:24:18][info]: OPTICSClusterer: 22.3% (6300/28257) done.
[15-07-08, 18:24:21][info]: OPTICSClusterer: 22.65% (6400/28257) done.
[15-07-08, 18:24:23][info]: OPTICSClusterer: 23% (6500/28257) done.
[15-07-08, 18:24:26][info]: OPTICSClusterer: 23.36% (6600/28257) done.
[15-07-08, 18:24:28][info]: OPTICSClusterer: 23.71% (6700/28257) done.
[15-07-08, 18:24:31][info]: OPTICSClusterer: 24.06% (6800/28257) done.
[15-07-08, 18:24:34][info]: OPTICSClusterer: 24.42% (6900/28257) done.
[15-07-08, 18:24:36][info]: OPTICSClusterer: 24.77% (7000/28257) done.
[15-07-08, 18:24:39][info]: OPTICSClusterer: 25.13% (7100/28257) done.
[15-07-08, 18:24:41][info]: OPTICSClusterer: 25.48% (7200/28257) done.
[15-07-08, 18:24:44][info]: OPTICSClusterer: 25.83% (7300/28257) done.
[15-07-08, 18:24:46][info]: OPTICSClusterer: 26.19% (7400/28257) done.
[15-07-08, 18:24:49][info]: OPTICSClusterer: 26.54% (7500/28257) done.
[15-07-08, 18:24:51][info]: OPTICSClusterer: 26.9% (7600/28257) done.
[15-07-08, 18:24:54][info]: OPTICSClusterer: 27.25% (7700/28257) done.
[15-07-08, 18:24:57][info]: OPTICSClusterer: 27.6% (7800/28257) done.
[15-07-08, 18:24:59][info]: OPTICSClusterer: 27.96% (7900/28257) done.
[15-07-08, 18:25:02][info]: OPTICSClusterer: 28.31% (8000/28257) done.
[15-07-08, 18:25:05][info]: OPTICSClusterer: 28.67% (8100/28257) done.
[15-07-08, 18:25:07][info]: OPTICSClusterer: 29.02% (8200/28257) done.
[15-07-08, 18:25:10][info]: OPTICSClusterer: 29.37% (8300/28257) done.
[15-07-08, 18:25:12][info]: OPTICSClusterer: 29.73% (8400/28257) done.
[15-07-08, 18:25:14][info]: OPTICSClusterer: 30.08% (8500/28257) done.
[15-07-08, 18:25:17][info]: OPTICSClusterer: 30.43% (8600/28257) done.
[15-07-08, 18:25:19][info]: OPTICSClusterer: 30.79% (8700/28257) done.
[15-07-08, 18:25:22][info]: OPTICSClusterer: 31.14% (8800/28257) done.
[15-07-08, 18:25:24][info]: OPTICSClusterer: 31.5% (8900/28257) done.
[15-07-08, 18:25:27][info]: OPTICSClusterer: 31.85% (9000/28257) done.
[15-07-08, 18:25:29][info]: OPTICSClusterer: 32.2% (9100/28257) done.
[15-07-08, 18:25:32][info]: OPTICSClusterer: 32.56% (9200/28257) done.
[15-07-08, 18:25:34][info]: OPTICSClusterer: 32.91% (9300/28257) done.
[15-07-08, 18:25:37][info]: OPTICSClusterer: 33.27% (9400/28257) done.
[15-07-08, 18:25:39][info]: OPTICSClusterer: 33.62% (9500/28257) done.
[15-07-08, 18:25:41][info]: OPTICSClusterer: 33.97% (9600/28257) done.
[15-07-08, 18:25:44][info]: OPTICSClusterer: 34.33% (9700/28257) done.
[15-07-08, 18:25:46][info]: OPTICSClusterer: 34.68% (9800/28257) done.
[15-07-08, 18:25:49][info]: OPTICSClusterer: 35.04% (9900/28257) done.
[15-07-08, 18:25:51][info]: OPTICSClusterer: 35.39% (10000/28257) done.
[15-07-08, 18:25:53][info]: OPTICSClusterer: 35.74% (10100/28257) done.
[15-07-08, 18:25:56][info]: OPTICSClusterer: 36.1% (10200/28257) done.
[15-07-08, 18:25:58][info]: OPTICSClusterer: 36.45% (10300/28257) done.
[15-07-08, 18:26:00][info]: OPTICSClusterer: 36.81% (10400/28257) done.
[15-07-08, 18:26:03][info]: OPTICSClusterer: 37.16% (10500/28257) done.
[15-07-08, 18:26:06][info]: OPTICSClusterer: 37.51% (10600/28257) done.
[15-07-08, 18:26:08][info]: OPTICSClusterer: 37.87% (10700/28257) done.
[15-07-08, 18:26:10][info]: OPTICSClusterer: 38.22% (10800/28257) done.
[15-07-08, 18:26:13][info]: OPTICSClusterer: 38.57% (10900/28257) done.
[15-07-08, 18:26:15][info]: OPTICSClusterer: 38.93% (11000/28257) done.
[15-07-08, 18:26:18][info]: OPTICSClusterer: 39.28% (11100/28257) done.
[15-07-08, 18:26:20][info]: OPTICSClusterer: 39.64% (11200/28257) done.
[15-07-08, 18:26:22][info]: OPTICSClusterer: 39.99% (11300/28257) done.
[15-07-08, 18:26:24][info]: OPTICSClusterer: 40.34% (11400/28257) done.
[15-07-08, 18:26:27][info]: OPTICSClusterer: 40.7% (11500/28257) done.
[15-07-08, 18:26:29][info]: OPTICSClusterer: 41.05% (11600/28257) done.
[15-07-08, 18:26:31][info]: OPTICSClusterer: 41.41% (11700/28257) done.
[15-07-08, 18:26:34][info]: OPTICSClusterer: 41.76% (11800/28257) done.
[15-07-08, 18:26:36][info]: OPTICSClusterer: 42.11% (11900/28257) done.
[15-07-08, 18:26:38][info]: OPTICSClusterer: 42.47% (12000/28257) done.
[15-07-08, 18:26:40][info]: OPTICSClusterer: 42.82% (12100/28257) done.
[15-07-08, 18:26:42][info]: OPTICSClusterer: 43.18% (12200/28257) done.
[15-07-08, 18:26:45][info]: OPTICSClusterer: 43.53% (12300/28257) done.
[15-07-08, 18:26:47][info]: OPTICSClusterer: 43.88% (12400/28257) done.
[15-07-08, 18:26:49][info]: OPTICSClusterer: 44.24% (12500/28257) done.
[15-07-08, 18:26:52][info]: OPTICSClusterer: 44.59% (12600/28257) done.
[15-07-08, 18:26:54][info]: OPTICSClusterer: 44.94% (12700/28257) done.
[15-07-08, 18:26:56][info]: OPTICSClusterer: 45.3% (12800/28257) done.
[15-07-08, 18:26:58][info]: OPTICSClusterer: 45.65% (12900/28257) done.
[15-07-08, 18:27:00][info]: OPTICSClusterer: 46.01% (13000/28257) done.
[15-07-08, 18:27:03][info]: OPTICSClusterer: 46.36% (13100/28257) done.
[15-07-08, 18:27:05][info]: OPTICSClusterer: 46.71% (13200/28257) done.
[15-07-08, 18:27:08][info]: OPTICSClusterer: 47.07% (13300/28257) done.
[15-07-08, 18:27:10][info]: OPTICSClusterer: 47.42% (13400/28257) done.
[15-07-08, 18:27:12][info]: OPTICSClusterer: 47.78% (13500/28257) done.
[15-07-08, 18:27:15][info]: OPTICSClusterer: 48.13% (13600/28257) done.
[15-07-08, 18:27:17][info]: OPTICSClusterer: 48.48% (13700/28257) done.
[15-07-08, 18:27:19][info]: OPTICSClusterer: 48.84% (13800/28257) done.
[15-07-08, 18:27:21][info]: OPTICSClusterer: 49.19% (13900/28257) done.
[15-07-08, 18:27:23][info]: OPTICSClusterer: 49.55% (14000/28257) done.
[15-07-08, 18:27:25][info]: OPTICSClusterer: 49.9% (14100/28257) done.
[15-07-08, 18:27:28][info]: OPTICSClusterer: 50.25% (14200/28257) done.
[15-07-08, 18:27:30][info]: OPTICSClusterer: 50.61% (14300/28257) done.
[15-07-08, 18:27:32][info]: OPTICSClusterer: 50.96% (14400/28257) done.
[15-07-08, 18:27:34][info]: OPTICSClusterer: 51.31% (14500/28257) done.
[15-07-08, 18:27:37][info]: OPTICSClusterer: 51.67% (14600/28257) done.
[15-07-08, 18:27:39][info]: OPTICSClusterer: 52.02% (14700/28257) done.
[15-07-08, 18:27:41][info]: OPTICSClusterer: 52.38% (14800/28257) done.
[15-07-08, 18:27:43][info]: OPTICSClusterer: 52.73% (14900/28257) done.
[15-07-08, 18:27:45][info]: OPTICSClusterer: 53.08% (15000/28257) done.
[15-07-08, 18:27:47][info]: OPTICSClusterer: 53.44% (15100/28257) done.
[15-07-08, 18:27:49][info]: OPTICSClusterer: 53.79% (15200/28257) done.
[15-07-08, 18:27:52][info]: OPTICSClusterer: 54.15% (15300/28257) done.
[15-07-08, 18:27:54][info]: OPTICSClusterer: 54.5% (15400/28257) done.
[15-07-08, 18:27:56][info]: OPTICSClusterer: 54.85% (15500/28257) done.
[15-07-08, 18:27:58][info]: OPTICSClusterer: 55.21% (15600/28257) done.
[15-07-08, 18:28:01][info]: OPTICSClusterer: 55.56% (15700/28257) done.
[15-07-08, 18:28:03][info]: OPTICSClusterer: 55.92% (15800/28257) done.
[15-07-08, 18:28:05][info]: OPTICSClusterer: 56.27% (15900/28257) done.
[15-07-08, 18:28:07][info]: OPTICSClusterer: 56.62% (16000/28257) done.
[15-07-08, 18:28:09][info]: OPTICSClusterer: 56.98% (16100/28257) done.
[15-07-08, 18:28:12][info]: OPTICSClusterer: 57.33% (16200/28257) done.
[15-07-08, 18:28:15][info]: OPTICSClusterer: 57.68% (16300/28257) done.
[15-07-08, 18:28:17][info]: OPTICSClusterer: 58.04% (16400/28257) done.
[15-07-08, 18:28:19][info]: OPTICSClusterer: 58.39% (16500/28257) done.
[15-07-08, 18:28:21][info]: OPTICSClusterer: 58.75% (16600/28257) done.
[15-07-08, 18:28:23][info]: OPTICSClusterer: 59.1% (16700/28257) done.
[15-07-08, 18:28:25][info]: OPTICSClusterer: 59.45% (16800/28257) done.
[15-07-08, 18:28:28][info]: OPTICSClusterer: 59.81% (16900/28257) done.
[15-07-08, 18:28:30][info]: OPTICSClusterer: 60.16% (17000/28257) done.
[15-07-08, 18:28:32][info]: OPTICSClusterer: 60.52% (17100/28257) done.
[15-07-08, 18:28:34][info]: OPTICSClusterer: 60.87% (17200/28257) done.
[15-07-08, 18:28:36][info]: OPTICSClusterer: 61.22% (17300/28257) done.
[15-07-08, 18:28:38][info]: OPTICSClusterer: 61.58% (17400/28257) done.
[15-07-08, 18:28:40][info]: OPTICSClusterer: 61.93% (17500/28257) done.
[15-07-08, 18:28:43][info]: OPTICSClusterer: 62.29% (17600/28257) done.
[15-07-08, 18:28:45][info]: OPTICSClusterer: 62.64% (17700/28257) done.
[15-07-08, 18:28:47][info]: OPTICSClusterer: 62.99% (17800/28257) done.
[15-07-08, 18:28:49][info]: OPTICSClusterer: 63.35% (17900/28257) done.
[15-07-08, 18:28:51][info]: OPTICSClusterer: 63.7% (18000/28257) done.
[15-07-08, 18:28:53][info]: OPTICSClusterer: 64.05% (18100/28257) done.
[15-07-08, 18:28:55][info]: OPTICSClusterer: 64.41% (18200/28257) done.
[15-07-08, 18:28:58][info]: OPTICSClusterer: 64.76% (18300/28257) done.
[15-07-08, 18:29:00][info]: OPTICSClusterer: 65.12% (18400/28257) done.
[15-07-08, 18:29:02][info]: OPTICSClusterer: 65.47% (18500/28257) done.
[15-07-08, 18:29:04][info]: OPTICSClusterer: 65.82% (18600/28257) done.
[15-07-08, 18:29:06][info]: OPTICSClusterer: 66.18% (18700/28257) done.
[15-07-08, 18:29:09][info]: OPTICSClusterer: 66.53% (18800/28257) done.
[15-07-08, 18:29:11][info]: OPTICSClusterer: 66.89% (18900/28257) done.
[15-07-08, 18:29:13][info]: OPTICSClusterer: 67.24% (19000/28257) done.
[15-07-08, 18:29:15][info]: OPTICSClusterer: 67.59% (19100/28257) done.
[15-07-08, 18:29:17][info]: OPTICSClusterer: 67.95% (19200/28257) done.
[15-07-08, 18:29:20][info]: OPTICSClusterer: 68.3% (19300/28257) done.
[15-07-08, 18:29:22][info]: OPTICSClusterer: 68.66% (19400/28257) done.
[15-07-08, 18:29:24][info]: OPTICSClusterer: 69.01% (19500/28257) done.
[15-07-08, 18:29:27][info]: OPTICSClusterer: 69.36% (19600/28257) done.
[15-07-08, 18:29:29][info]: OPTICSClusterer: 69.72% (19700/28257) done.
[15-07-08, 18:29:31][info]: OPTICSClusterer: 70.07% (19800/28257) done.
[15-07-08, 18:29:33][info]: OPTICSClusterer: 70.43% (19900/28257) done.
[15-07-08, 18:29:35][info]: OPTICSClusterer: 70.78% (20000/28257) done.
[15-07-08, 18:29:37][info]: OPTICSClusterer: 71.13% (20100/28257) done.
[15-07-08, 18:29:39][info]: OPTICSClusterer: 71.49% (20200/28257) done.
[15-07-08, 18:29:41][info]: OPTICSClusterer: 71.84% (20300/28257) done.
[15-07-08, 18:29:44][info]: OPTICSClusterer: 72.19% (20400/28257) done.
[15-07-08, 18:29:46][info]: OPTICSClusterer: 72.55% (20500/28257) done.
[15-07-08, 18:29:48][info]: OPTICSClusterer: 72.9% (20600/28257) done.
[15-07-08, 18:29:50][info]: OPTICSClusterer: 73.26% (20700/28257) done.
[15-07-08, 18:29:52][info]: OPTICSClusterer: 73.61% (20800/28257) done.
[15-07-08, 18:29:54][info]: OPTICSClusterer: 73.96% (20900/28257) done.
[15-07-08, 18:29:56][info]: OPTICSClusterer: 74.32% (21000/28257) done.
[15-07-08, 18:29:58][info]: OPTICSClusterer: 74.67% (21100/28257) done.
[15-07-08, 18:30:01][info]: OPTICSClusterer: 75.03% (21200/28257) done.
[15-07-08, 18:30:03][info]: OPTICSClusterer: 75.38% (21300/28257) done.
[15-07-08, 18:30:05][info]: OPTICSClusterer: 75.73% (21400/28257) done.
[15-07-08, 18:30:07][info]: OPTICSClusterer: 76.09% (21500/28257) done.
[15-07-08, 18:30:09][info]: OPTICSClusterer: 76.44% (21600/28257) done.
[15-07-08, 18:30:11][info]: OPTICSClusterer: 76.8% (21700/28257) done.
[15-07-08, 18:30:13][info]: OPTICSClusterer: 77.15% (21800/28257) done.
[15-07-08, 18:30:15][info]: OPTICSClusterer: 77.5% (21900/28257) done.
[15-07-08, 18:30:18][info]: OPTICSClusterer: 77.86% (22000/28257) done.
[15-07-08, 18:30:20][info]: OPTICSClusterer: 78.21% (22100/28257) done.
[15-07-08, 18:30:22][info]: OPTICSClusterer: 78.56% (22200/28257) done.
[15-07-08, 18:30:24][info]: OPTICSClusterer: 78.92% (22300/28257) done.
[15-07-08, 18:30:26][info]: OPTICSClusterer: 79.27% (22400/28257) done.
[15-07-08, 18:30:29][info]: OPTICSClusterer: 79.63% (22500/28257) done.
[15-07-08, 18:30:31][info]: OPTICSClusterer: 79.98% (22600/28257) done.
[15-07-08, 18:30:33][info]: OPTICSClusterer: 80.33% (22700/28257) done.
[15-07-08, 18:30:35][info]: OPTICSClusterer: 80.69% (22800/28257) done.
[15-07-08, 18:30:37][info]: OPTICSClusterer: 81.04% (22900/28257) done.
[15-07-08, 18:30:39][info]: OPTICSClusterer: 81.4% (23000/28257) done.
[15-07-08, 18:30:41][info]: OPTICSClusterer: 81.75% (23100/28257) done.
[15-07-08, 18:30:43][info]: OPTICSClusterer: 82.1% (23200/28257) done.
[15-07-08, 18:30:45][info]: OPTICSClusterer: 82.46% (23300/28257) done.
[15-07-08, 18:30:48][info]: OPTICSClusterer: 82.81% (23400/28257) done.
[15-07-08, 18:30:50][info]: OPTICSClusterer: 83.17% (23500/28257) done.
[15-07-08, 18:30:52][info]: OPTICSClusterer: 83.52% (23600/28257) done.
[15-07-08, 18:30:54][info]: OPTICSClusterer: 83.87% (23700/28257) done.
[15-07-08, 18:30:56][info]: OPTICSClusterer: 84.23% (23800/28257) done.
[15-07-08, 18:30:58][info]: OPTICSClusterer: 84.58% (23900/28257) done.
[15-07-08, 18:31:00][info]: OPTICSClusterer: 84.93% (24000/28257) done.
[15-07-08, 18:31:02][info]: OPTICSClusterer: 85.29% (24100/28257) done.
[15-07-08, 18:31:04][info]: OPTICSClusterer: 85.64% (24200/28257) done.
[15-07-08, 18:31:06][info]: OPTICSClusterer: 86% (24300/28257) done.
[15-07-08, 18:31:09][info]: OPTICSClusterer: 86.35% (24400/28257) done.
[15-07-08, 18:31:11][info]: OPTICSClusterer: 86.7% (24500/28257) done.
[15-07-08, 18:31:13][info]: OPTICSClusterer: 87.06% (24600/28257) done.
[15-07-08, 18:31:15][info]: OPTICSClusterer: 87.41% (24700/28257) done.
[15-07-08, 18:31:17][info]: OPTICSClusterer: 87.77% (24800/28257) done.
[15-07-08, 18:31:19][info]: OPTICSClusterer: 88.12% (24900/28257) done.
[15-07-08, 18:31:21][info]: OPTICSClusterer: 88.47% (25000/28257) done.
[15-07-08, 18:31:23][info]: OPTICSClusterer: 88.83% (25100/28257) done.
[15-07-08, 18:31:25][info]: OPTICSClusterer: 89.18% (25200/28257) done.
[15-07-08, 18:31:28][info]: OPTICSClusterer: 89.54% (25300/28257) done.
[15-07-08, 18:31:30][info]: OPTICSClusterer: 89.89% (25400/28257) done.
[15-07-08, 18:31:32][info]: OPTICSClusterer: 90.24% (25500/28257) done.
[15-07-08, 18:31:34][info]: OPTICSClusterer: 90.6% (25600/28257) done.
[15-07-08, 18:31:37][info]: OPTICSClusterer: 90.95% (25700/28257) done.
[15-07-08, 18:31:39][info]: OPTICSClusterer: 91.3% (25800/28257) done.
[15-07-08, 18:31:41][info]: OPTICSClusterer: 91.66% (25900/28257) done.
[15-07-08, 18:31:43][info]: OPTICSClusterer: 92.01% (26000/28257) done.
[15-07-08, 18:31:45][info]: OPTICSClusterer: 92.37% (26100/28257) done.
[15-07-08, 18:31:47][info]: OPTICSClusterer: 92.72% (26200/28257) done.
[15-07-08, 18:31:49][info]: OPTICSClusterer: 93.07% (26300/28257) done.
[15-07-08, 18:31:51][info]: OPTICSClusterer: 93.43% (26400/28257) done.
[15-07-08, 18:31:53][info]: OPTICSClusterer: 93.78% (26500/28257) done.
[15-07-08, 18:31:55][info]: OPTICSClusterer: 94.14% (26600/28257) done.
[15-07-08, 18:31:57][info]: OPTICSClusterer: 94.49% (26700/28257) done.
[15-07-08, 18:32:00][info]: OPTICSClusterer: 94.84% (26800/28257) done.
[15-07-08, 18:32:02][info]: OPTICSClusterer: 95.2% (26900/28257) done.
[15-07-08, 18:32:04][info]: OPTICSClusterer: 95.55% (27000/28257) done.
[15-07-08, 18:32:06][info]: OPTICSClusterer: 95.91% (27100/28257) done.
[15-07-08, 18:32:08][info]: OPTICSClusterer: 96.26% (27200/28257) done.
[15-07-08, 18:32:10][info]: OPTICSClusterer: 96.61% (27300/28257) done.
[15-07-08, 18:32:12][info]: OPTICSClusterer: 96.97% (27400/28257) done.
[15-07-08, 18:32:14][info]: OPTICSClusterer: 97.32% (27500/28257) done.
[15-07-08, 18:32:16][info]: OPTICSClusterer: 97.67% (27600/28257) done.
[15-07-08, 18:32:18][info]: OPTICSClusterer: 98.03% (27700/28257) done.
[15-07-08, 18:32:20][info]: OPTICSClusterer: 98.38% (27800/28257) done.
[15-07-08, 18:32:23][info]: OPTICSClusterer: 98.74% (27900/28257) done.
[15-07-08, 18:32:25][info]: OPTICSClusterer: 99.09% (28000/28257) done.
[15-07-08, 18:32:27][info]: OPTICSClusterer: 99.44% (28100/28257) done.
[15-07-08, 18:32:29][info]: OPTICSClusterer: 99.8% (28200/28257) done.
[15-07-08, 18:32:30][info]: OPTICSClusterer: Writing reachability histogram to "optics_reachability_distances.txt"...
[15-07-08, 18:32:30][info]: OPTICSClusterer: Writing ordered indices to "optics_ordered_feature_indices.txt"...
[15-07-08, 18:32:33][info]: Clustering finished. Took 659786 milliseconds.
[15-07-08, 18:32:33][info]: Found 35 clusters
[15-07-08, 18:32:33][info]: Writing membership probabilities to "..\c_membership_probabilities.txt"...
[15-07-08, 18:32:33][info]: Writing cluster membership mappings to "..\c_membership_mappings.txt"...
[15-07-08, 18:32:33][info]: Calculating cluster means...
[15-07-08, 18:32:33][info]: Writing Cluster means to "cluster_means.txt"...
[15-07-08, 18:32:33][info]: Writing clusters to files...
[15-07-08, 18:32:34][info]: Writing paths of all cluster files to "..\c_class_files.txt"...
[15-07-08, 18:32:34][info]: *** Program end ***
